{"/home/agent/.gemini/config/plugins/remora-plugin/packages/core/src/coverage.ts": {"path":"/home/agent/.gemini/config/plugins/remora-plugin/packages/core/src/coverage.ts","statementMap":{"0":{"start":{"line":24,"column":2},"end":{"line":26,"column":null}},"1":{"start":{"line":25,"column":4},"end":{"line":25,"column":null}},"2":{"start":{"line":28,"column":21},"end":{"line":28,"column":null}},"3":{"start":{"line":29,"column":23},"end":{"line":29,"column":null}},"4":{"start":{"line":30,"column":22},"end":{"line":30,"column":null}},"5":{"start":{"line":32,"column":2},"end":{"line":40,"column":null}},"6":{"start":{"line":33,"column":4},"end":{"line":39,"column":null}},"7":{"start":{"line":34,"column":6},"end":{"line":38,"column":null}},"8":{"start":{"line":42,"column":2},"end":{"line":46,"column":null}},"9":{"start":{"line":43,"column":4},"end":{"line":45,"column":null}},"10":{"start":{"line":44,"column":6},"end":{"line":44,"column":null}},"11":{"start":{"line":48,"column":2},"end":{"line":60,"column":null}},"12":{"start":{"line":49,"column":4},"end":{"line":59,"column":null}},"13":{"start":{"line":50,"column":20},"end":{"line":50,"column":null}},"14":{"start":{"line":51,"column":23},"end":{"line":51,"column":null}},"15":{"start":{"line":52,"column":6},"end":{"line":58,"column":null}},"16":{"start":{"line":53,"column":8},"end":{"line":57,"column":null}},"17":{"start":{"line":54,"column":10},"end":{"line":54,"column":null}},"18":{"start":{"line":62,"column":21},"end":{"line":62,"column":null}},"19":{"start":{"line":63,"column":23},"end":{"line":63,"column":null}},"20":{"start":{"line":64,"column":2},"end":{"line":64,"column":null}},"21":{"start":{"line":78,"column":8},"end":{"line":78,"column":null}},"22":{"start":{"line":79,"column":2},"end":{"line":81,"column":null}},"23":{"start":{"line":80,"column":4},"end":{"line":80,"column":null}},"24":{"start":{"line":83,"column":23},"end":{"line":83,"column":null}},"25":{"start":{"line":84,"column":2},"end":{"line":93,"column":null}},"26":{"start":{"line":85,"column":4},"end":{"line":92,"column":null}},"27":{"start":{"line":86,"column":6},"end":{"line":91,"column":null}},"28":{"start":{"line":87,"column":20},"end":{"line":87,"column":null}},"29":{"start":{"line":88,"column":8},"end":{"line":90,"column":null}},"30":{"start":{"line":89,"column":10},"end":{"line":89,"column":null}},"31":{"start":{"line":95,"column":21},"end":{"line":97,"column":null}},"32":{"start":{"line":96,"column":36},"end":{"line":96,"column":56}},"33":{"start":{"line":98,"column":2},"end":{"line":104,"column":null}},"34":{"start":{"line":99,"column":4},"end":{"line":103,"column":null}},"35":{"start":{"line":105,"column":2},"end":{"line":105,"column":null}}},"fnMap":{"0":{"name":"calculateFactualConfidence","decl":{"start":{"line":18,"column":16},"end":{"line":18,"column":null}},"loc":{"start":{"line":23,"column":10},"end":{"line":65,"column":null}},"line":23},"1":{"name":"validateIdInheritance","decl":{"start":{"line":73,"column":16},"end":{"line":73,"column":null}},"loc":{"start":{"line":77,"column":11},"end":{"line":106,"column":null}},"line":77},"2":{"name":"(anonymous_2)","decl":{"start":{"line":96,"column":22},"end":{"line":96,"column":30}},"loc":{"start":{"line":96,"column":36},"end":{"line":96,"column":56}},"line":96}},"branchMap":{"0":{"loc":{"start":{"line":24,"column":2},"end":{"line":26,"column":null}},"type":"if","locations":[{"start":{"line":24,"column":2},"end":{"line":26,"column":null}},{"start":{},"end":{}}],"line":24},"1":{"loc":{"start":{"line":24,"column":6},"end":{"line":24,"column":56}},"type":"binary-expr","locations":[{"start":{"line":24,"column":6},"end":{"line":24,"column":31}},{"start":{"line":24,"column":31},"end":{"line":24,"column":56}}],"line":24},"2":{"loc":{"start":{"line":33,"column":20},"end":{"line":33,"column":39}},"type":"binary-expr","locations":[{"start":{"line":33,"column":20},"end":{"line":33,"column":35}},{"start":{"line":33,"column":35},"end":{"line":33,"column":39}}],"line":33},"3":{"loc":{"start":{"line":36,"column":9},"end":{"line":36,"column":27}},"type":"binary-expr","locations":[{"start":{"line":36,"column":9},"end":{"line":36,"column":23}},{"start":{"line":36,"column":23},"end":{"line":36,"column":27}}],"line":36},"4":{"loc":{"start":{"line":38,"column":9},"end":{"line":38,"column":28}},"type":"binary-expr","locations":[{"start":{"line":38,"column":9},"end":{"line":38,"column":24}},{"start":{"line":38,"column":24},"end":{"line":38,"column":28}}],"line":38},"5":{"loc":{"start":{"line":43,"column":4},"end":{"line":45,"column":null}},"type":"if","locations":[{"start":{"line":43,"column":4},"end":{"line":45,"column":null}},{"start":{},"end":{}}],"line":43},"6":{"loc":{"start":{"line":49,"column":4},"end":{"line":59,"column":null}},"type":"if","locations":[{"start":{"line":49,"column":4},"end":{"line":59,"column":null}},{"start":{},"end":{}}],"line":49},"7":{"loc":{"start":{"line":52,"column":6},"end":{"line":58,"column":null}},"type":"if","locations":[{"start":{"line":52,"column":6},"end":{"line":58,"column":null}},{"start":{},"end":{}}],"line":52},"8":{"loc":{"start":{"line":54,"column":10},"end":{"line":54,"column":null}},"type":"cond-expr","locations":[{"start":{"line":54,"column":67},"end":{"line":54,"column":71}},{"start":{"line":54,"column":71},"end":{"line":54,"column":null}}],"line":54},"9":{"loc":{"start":{"line":64,"column":9},"end":{"line":64,"column":null}},"type":"cond-expr","locations":[{"start":{"line":64,"column":26},"end":{"line":64,"column":69}},{"start":{"line":64,"column":69},"end":{"line":64,"column":null}}],"line":64},"10":{"loc":{"start":{"line":79,"column":2},"end":{"line":81,"column":null}},"type":"if","locations":[{"start":{"line":79,"column":2},"end":{"line":81,"column":null}},{"start":{},"end":{}}],"line":79},"11":{"loc":{"start":{"line":79,"column":6},"end":{"line":79,"column":48}},"type":"binary-expr","locations":[{"start":{"line":79,"column":6},"end":{"line":79,"column":23}},{"start":{"line":79,"column":23},"end":{"line":79,"column":48}}],"line":79},"12":{"loc":{"start":{"line":85,"column":20},"end":{"line":85,"column":39}},"type":"binary-expr","locations":[{"start":{"line":85,"column":20},"end":{"line":85,"column":35}},{"start":{"line":85,"column":35},"end":{"line":85,"column":39}}],"line":85},"13":{"loc":{"start":{"line":86,"column":24},"end":{"line":86,"column":48}},"type":"binary-expr","locations":[{"start":{"line":86,"column":24},"end":{"line":86,"column":44}},{"start":{"line":86,"column":44},"end":{"line":86,"column":48}}],"line":86},"14":{"loc":{"start":{"line":88,"column":8},"end":{"line":90,"column":null}},"type":"if","locations":[{"start":{"line":88,"column":8},"end":{"line":90,"column":null}},{"start":{},"end":{}}],"line":88},"15":{"loc":{"start":{"line":98,"column":2},"end":{"line":104,"column":null}},"type":"if","locations":[{"start":{"line":98,"column":2},"end":{"line":104,"column":null}},{"start":{},"end":{}}],"line":98}},"s":{"0":0,"1":0,"2":0,"3":0,"4":0,"5":0,"6":0,"7":0,"8":0,"9":0,"10":0,"11":0,"12":0,"13":0,"14":0,"15":0,"16":0,"17":0,"18":0,"19":0,"20":0,"21":0,"22":0,"23":0,"24":0,"25":0,"26":0,"27":0,"28":0,"29":0,"30":0,"31":0,"32":0,"33":0,"34":0,"35":0},"f":{"0":0,"1":0,"2":0},"b":{"0":[0,0],"1":[0,0],"2":[0,0],"3":[0,0],"4":[0,0],"5":[0,0],"6":[0,0],"7":[0,0],"8":[0,0],"9":[0,0],"10":[0,0],"11":[0,0],"12":[0,0],"13":[0,0],"14":[0,0],"15":[0,0]},"meta":{"lastBranch":16,"lastFunction":3,"lastStatement":36,"seen":{"f:18:16:18:Infinity":0,"b:24:2:26:Infinity:undefined:undefined:undefined:undefined":0,"s:24:2:26:Infinity":0,"b:24:6:24:31:24:31:24:56":1,"s:25:4:25:Infinity":1,"s:28:21:28:Infinity":2,"s:29:23:29:Infinity":3,"s:30:22:30:Infinity":4,"s:32:2:40:Infinity":5,"s:33:4:39:Infinity":6,"b:33:20:33:35:33:35:33:39":2,"s:34:6:38:Infinity":7,"b:36:9:36:23:36:23:36:27":3,"b:38:9:38:24:38:24:38:28":4,"s:42:2:46:Infinity":8,"b:43:4:45:Infinity:undefined:undefined:undefined:undefined":5,"s:43:4:45:Infinity":9,"s:44:6:44:Infinity":10,"s:48:2:60:Infinity":11,"b:49:4:59:Infinity:undefined:undefined:undefined:undefined":6,"s:49:4:59:Infinity":12,"s:50:20:50:Infinity":13,"s:51:23:51:Infinity":14,"b:52:6:58:Infinity:undefined:undefined:undefined:undefined":7,"s:52:6:58:Infinity":15,"s:53:8:57:Infinity":16,"s:54:10:54:Infinity":17,"b:54:67:54:71:54:71:54:Infinity":8,"s:62:21:62:Infinity":18,"s:63:23:63:Infinity":19,"s:64:2:64:Infinity":20,"b:64:26:64:69:64:69:64:Infinity":9,"f:73:16:73:Infinity":1,"s:78:8:78:Infinity":21,"b:79:2:81:Infinity:undefined:undefined:undefined:undefined":10,"s:79:2:81:Infinity":22,"b:79:6:79:23:79:23:79:48":11,"s:80:4:80:Infinity":23,"s:83:23:83:Infinity":24,"s:84:2:93:Infinity":25,"s:85:4:92:Infinity":26,"b:85:20:85:35:85:35:85:39":12,"s:86:6:91:Infinity":27,"b:86:24:86:44:86:44:86:48":13,"s:87:20:87:Infinity":28,"b:88:8:90:Infinity:undefined:undefined:undefined:undefined":14,"s:88:8:90:Infinity":29,"s:89:10:89:Infinity":30,"s:95:21:97:Infinity":31,"f:96:22:96:30":2,"s:96:36:96:56":32,"b:98:2:104:Infinity:undefined:undefined:undefined:undefined":15,"s:98:2:104:Infinity":33,"s:99:4:103:Infinity":34,"s:105:2:105:Infinity":35}}}
,"/home/agent/.gemini/config/plugins/remora-plugin/packages/core/src/dao.ts": {"path":"/home/agent/.gemini/config/plugins/remora-plugin/packages/core/src/dao.ts","statementMap":{},"fnMap":{},"branchMap":{},"s":{},"f":{},"b":{},"meta":{"lastBranch":0,"lastFunction":0,"lastStatement":0,"seen":{}}}
,"/home/agent/.gemini/config/plugins/remora-plugin/packages/core/src/gate.ts": {"path":"/home/agent/.gemini/config/plugins/remora-plugin/packages/core/src/gate.ts","statementMap":{"0":{"start":{"line":17,"column":8},"end":{"line":17,"column":null}},"1":{"start":{"line":18,"column":2},"end":{"line":18,"column":null}},"2":{"start":{"line":30,"column":2},"end":{"line":30,"column":null}},"3":{"start":{"line":42,"column":8},"end":{"line":42,"column":null}},"4":{"start":{"line":43,"column":2},"end":{"line":43,"column":null}},"5":{"start":{"line":55,"column":8},"end":{"line":55,"column":null}},"6":{"start":{"line":56,"column":2},"end":{"line":58,"column":null}},"7":{"start":{"line":57,"column":4},"end":{"line":57,"column":null}},"8":{"start":{"line":65,"column":2},"end":{"line":65,"column":null}}},"fnMap":{"0":{"name":"shouldFire","decl":{"start":{"line":11,"column":16},"end":{"line":11,"column":null}},"loc":{"start":{"line":16,"column":11},"end":{"line":19,"column":null}},"line":16},"1":{"name":"markFired","decl":{"start":{"line":24,"column":16},"end":{"line":24,"column":null}},"loc":{"start":{"line":29,"column":8},"end":{"line":31,"column":null}},"line":29},"2":{"name":"isDuplicate","decl":{"start":{"line":36,"column":16},"end":{"line":36,"column":null}},"loc":{"start":{"line":41,"column":11},"end":{"line":44,"column":null}},"line":41},"3":{"name":"clearStale","decl":{"start":{"line":49,"column":16},"end":{"line":49,"column":null}},"loc":{"start":{"line":54,"column":8},"end":{"line":59,"column":null}},"line":54},"4":{"name":"shouldInjectTone","decl":{"start":{"line":64,"column":16},"end":{"line":64,"column":33}},"loc":{"start":{"line":64,"column":66},"end":{"line":66,"column":null}},"line":64}},"branchMap":{"0":{"loc":{"start":{"line":56,"column":2},"end":{"line":58,"column":null}},"type":"if","locations":[{"start":{"line":56,"column":2},"end":{"line":58,"column":null}},{"start":{},"end":{}}],"line":56},"1":{"loc":{"start":{"line":56,"column":6},"end":{"line":56,"column":49}},"type":"binary-expr","locations":[{"start":{"line":56,"column":6},"end":{"line":56,"column":14}},{"start":{"line":56,"column":14},"end":{"line":56,"column":49}}],"line":56}},"s":{"0":3,"1":3,"2":3,"3":3,"4":3,"5":0,"6":0,"7":0,"8":0},"f":{"0":3,"1":3,"2":3,"3":0,"4":0},"b":{"0":[0,0],"1":[0,0]},"meta":{"lastBranch":2,"lastFunction":5,"lastStatement":9,"seen":{"f:11:16:11:Infinity":0,"s:17:8:17:Infinity":0,"s:18:2:18:Infinity":1,"f:24:16:24:Infinity":1,"s:30:2:30:Infinity":2,"f:36:16:36:Infinity":2,"s:42:8:42:Infinity":3,"s:43:2:43:Infinity":4,"f:49:16:49:Infinity":3,"s:55:8:55:Infinity":5,"b:56:2:58:Infinity:undefined:undefined:undefined:undefined":0,"s:56:2:58:Infinity":6,"b:56:6:56:14:56:14:56:49":1,"s:57:4:57:Infinity":7,"f:64:16:64:33":4,"s:65:2:65:Infinity":8}}}
,"/home/agent/.gemini/config/plugins/remora-plugin/packages/core/src/injection-formatting.ts": {"path":"/home/agent/.gemini/config/plugins/remora-plugin/packages/core/src/injection-formatting.ts","statementMap":{"0":{"start":{"line":31,"column":19},"end":{"line":33,"column":null}},"1":{"start":{"line":34,"column":23},"end":{"line":36,"column":null}},"2":{"start":{"line":37,"column":2},"end":{"line":43,"column":null}},"3":{"start":{"line":54,"column":16},"end":{"line":64,"column":null}},"4":{"start":{"line":55,"column":16},"end":{"line":55,"column":null}},"5":{"start":{"line":56,"column":4},"end":{"line":58,"column":null}},"6":{"start":{"line":57,"column":6},"end":{"line":57,"column":null}},"7":{"start":{"line":59,"column":4},"end":{"line":59,"column":null}},"8":{"start":{"line":60,"column":4},"end":{"line":62,"column":null}},"9":{"start":{"line":61,"column":6},"end":{"line":61,"column":null}},"10":{"start":{"line":63,"column":4},"end":{"line":63,"column":null}},"11":{"start":{"line":65,"column":23},"end":{"line":65,"column":null}},"12":{"start":{"line":66,"column":30},"end":{"line":66,"column":null}},"13":{"start":{"line":67,"column":2},"end":{"line":75,"column":null}},"14":{"start":{"line":87,"column":16},"end":{"line":87,"column":null}},"15":{"start":{"line":88,"column":20},"end":{"line":88,"column":null}},"16":{"start":{"line":89,"column":15},"end":{"line":89,"column":null}},"17":{"start":{"line":92,"column":4},"end":{"line":93,"column":null}},"18":{"start":{"line":95,"column":2},"end":{"line":104,"column":null}},"19":{"start":{"line":115,"column":16},"end":{"line":115,"column":null}},"20":{"start":{"line":115,"column":52},"end":{"line":115,"column":93}},"21":{"start":{"line":116,"column":2},"end":{"line":121,"column":null}},"22":{"start":{"line":138,"column":2},"end":{"line":148,"column":null}},"23":{"start":{"line":165,"column":19},"end":{"line":167,"column":null}},"24":{"start":{"line":168,"column":2},"end":{"line":174,"column":null}},"25":{"start":{"line":183,"column":2},"end":{"line":187,"column":null}},"26":{"start":{"line":195,"column":20},"end":{"line":195,"column":null}},"27":{"start":{"line":196,"column":2},"end":{"line":199,"column":null}},"28":{"start":{"line":211,"column":2},"end":{"line":221,"column":null}},"29":{"start":{"line":230,"column":15},"end":{"line":230,"column":null}},"30":{"start":{"line":231,"column":2},"end":{"line":233,"column":null}},"31":{"start":{"line":232,"column":4},"end":{"line":232,"column":null}},"32":{"start":{"line":234,"column":2},"end":{"line":234,"column":null}}},"fnMap":{"0":{"name":"formatRelaxDisciplinePrompt","decl":{"start":{"line":27,"column":16},"end":{"line":27,"column":null}},"loc":{"start":{"line":30,"column":10},"end":{"line":45,"column":null}},"line":30},"1":{"name":"formatDecisionsForSessionResume","decl":{"start":{"line":50,"column":16},"end":{"line":50,"column":null}},"loc":{"start":{"line":53,"column":10},"end":{"line":77,"column":null}},"line":53},"2":{"name":"(anonymous_2)","decl":{"start":{"line":54,"column":26},"end":{"line":54,"column":31}},"loc":{"start":{"line":54,"column":37},"end":{"line":64,"column":3}},"line":54},"3":{"name":"formatConflictInjectionMessage","decl":{"start":{"line":82,"column":16},"end":{"line":82,"column":null}},"loc":{"start":{"line":86,"column":10},"end":{"line":106,"column":null}},"line":86},"4":{"name":"formatFileDecisionsInjection","decl":{"start":{"line":111,"column":16},"end":{"line":111,"column":null}},"loc":{"start":{"line":114,"column":10},"end":{"line":123,"column":null}},"line":114},"5":{"name":"(anonymous_5)","decl":{"start":{"line":115,"column":38},"end":{"line":115,"column":43}},"loc":{"start":{"line":115,"column":52},"end":{"line":115,"column":93}},"line":115},"6":{"name":"formatWriteGateDenyPrompt","decl":{"start":{"line":137,"column":16},"end":{"line":137,"column":42}},"loc":{"start":{"line":137,"column":70},"end":{"line":150,"column":null}},"line":137},"7":{"name":"formatPhantomFirstWarning","decl":{"start":{"line":161,"column":16},"end":{"line":161,"column":null}},"loc":{"start":{"line":164,"column":10},"end":{"line":176,"column":null}},"line":164},"8":{"name":"formatPhantomRepeatWarning","decl":{"start":{"line":182,"column":16},"end":{"line":182,"column":43}},"loc":{"start":{"line":182,"column":75},"end":{"line":189,"column":null}},"line":182},"9":{"name":"formatStrictRecallReminder","decl":{"start":{"line":194,"column":16},"end":{"line":194,"column":43}},"loc":{"start":{"line":194,"column":72},"end":{"line":201,"column":null}},"line":194},"10":{"name":"formatStrictTonePrompt","decl":{"start":{"line":210,"column":16},"end":{"line":210,"column":49}},"loc":{"start":{"line":210,"column":49},"end":{"line":223,"column":null}},"line":210},"11":{"name":"makeDenyReason","decl":{"start":{"line":229,"column":16},"end":{"line":229,"column":31}},"loc":{"start":{"line":229,"column":92},"end":{"line":235,"column":null}},"line":229}},"branchMap":{"0":{"loc":{"start":{"line":31,"column":19},"end":{"line":33,"column":null}},"type":"cond-expr","locations":[{"start":{"line":32,"column":6},"end":{"line":32,"column":null}},{"start":{"line":33,"column":6},"end":{"line":33,"column":null}}],"line":31},"1":{"loc":{"start":{"line":34,"column":23},"end":{"line":36,"column":null}},"type":"cond-expr","locations":[{"start":{"line":35,"column":6},"end":{"line":35,"column":null}},{"start":{"line":36,"column":6},"end":{"line":36,"column":null}}],"line":34},"2":{"loc":{"start":{"line":56,"column":4},"end":{"line":58,"column":null}},"type":"if","locations":[{"start":{"line":56,"column":4},"end":{"line":58,"column":null}},{"start":{},"end":{}}],"line":56},"3":{"loc":{"start":{"line":60,"column":4},"end":{"line":62,"column":null}},"type":"if","locations":[{"start":{"line":60,"column":4},"end":{"line":62,"column":null}},{"start":{},"end":{}}],"line":60},"4":{"loc":{"start":{"line":87,"column":16},"end":{"line":87,"column":null}},"type":"cond-expr","locations":[{"start":{"line":87,"column":27},"end":{"line":87,"column":47}},{"start":{"line":87,"column":47},"end":{"line":87,"column":null}}],"line":87},"5":{"loc":{"start":{"line":89,"column":15},"end":{"line":89,"column":null}},"type":"cond-expr","locations":[{"start":{"line":89,"column":30},"end":{"line":89,"column":58}},{"start":{"line":89,"column":58},"end":{"line":89,"column":null}}],"line":89},"6":{"loc":{"start":{"line":165,"column":19},"end":{"line":167,"column":null}},"type":"cond-expr","locations":[{"start":{"line":166,"column":6},"end":{"line":166,"column":null}},{"start":{"line":167,"column":6},"end":{"line":167,"column":null}}],"line":165},"7":{"loc":{"start":{"line":195,"column":20},"end":{"line":195,"column":null}},"type":"binary-expr","locations":[{"start":{"line":195,"column":20},"end":{"line":195,"column":34}},{"start":{"line":195,"column":34},"end":{"line":195,"column":null}}],"line":195},"8":{"loc":{"start":{"line":231,"column":2},"end":{"line":233,"column":null}},"type":"if","locations":[{"start":{"line":231,"column":2},"end":{"line":233,"column":null}},{"start":{},"end":{}}],"line":231}},"s":{"0":2,"1":2,"2":2,"3":1,"4":2,"5":2,"6":1,"7":2,"8":2,"9":1,"10":2,"11":1,"12":1,"13":1,"14":2,"15":2,"16":2,"17":2,"18":2,"19":1,"20":3,"21":1,"22":1,"23":2,"24":2,"25":1,"26":2,"27":2,"28":1,"29":2,"30":2,"31":1,"32":2},"f":{"0":2,"1":1,"2":2,"3":2,"4":1,"5":3,"6":1,"7":2,"8":1,"9":2,"10":1,"11":2},"b":{"0":[1,1],"1":[1,1],"2":[1,1],"3":[1,1],"4":[1,1],"5":[2,0],"6":[1,1],"7":[2,1],"8":[1,1]},"meta":{"lastBranch":9,"lastFunction":12,"lastStatement":33,"seen":{"f:27:16:27:Infinity":0,"s:31:19:33:Infinity":0,"b:32:6:32:Infinity:33:6:33:Infinity":0,"s:34:23:36:Infinity":1,"b:35:6:35:Infinity:36:6:36:Infinity":1,"s:37:2:43:Infinity":2,"f:50:16:50:Infinity":1,"s:54:16:64:Infinity":3,"f:54:26:54:31":2,"s:55:16:55:Infinity":4,"b:56:4:58:Infinity:undefined:undefined:undefined:undefined":2,"s:56:4:58:Infinity":5,"s:57:6:57:Infinity":6,"s:59:4:59:Infinity":7,"b:60:4:62:Infinity:undefined:undefined:undefined:undefined":3,"s:60:4:62:Infinity":8,"s:61:6:61:Infinity":9,"s:63:4:63:Infinity":10,"s:65:23:65:Infinity":11,"s:66:30:66:Infinity":12,"s:67:2:75:Infinity":13,"f:82:16:82:Infinity":3,"s:87:16:87:Infinity":14,"b:87:27:87:47:87:47:87:Infinity":4,"s:88:20:88:Infinity":15,"s:89:15:89:Infinity":16,"b:89:30:89:58:89:58:89:Infinity":5,"s:92:4:93:Infinity":17,"s:95:2:104:Infinity":18,"f:111:16:111:Infinity":4,"s:115:16:115:Infinity":19,"f:115:38:115:43":5,"s:115:52:115:93":20,"s:116:2:121:Infinity":21,"f:137:16:137:42":6,"s:138:2:148:Infinity":22,"f:161:16:161:Infinity":7,"s:165:19:167:Infinity":23,"b:166:6:166:Infinity:167:6:167:Infinity":6,"s:168:2:174:Infinity":24,"f:182:16:182:43":8,"s:183:2:187:Infinity":25,"f:194:16:194:43":9,"s:195:20:195:Infinity":26,"b:195:20:195:34:195:34:195:Infinity":7,"s:196:2:199:Infinity":27,"f:210:16:210:49":10,"s:211:2:221:Infinity":28,"f:229:16:229:31":11,"s:230:15:230:Infinity":29,"b:231:2:233:Infinity:undefined:undefined:undefined:undefined":8,"s:231:2:233:Infinity":30,"s:232:4:232:Infinity":31,"s:234:2:234:Infinity":32}}}
,"/home/agent/.gemini/config/plugins/remora-plugin/packages/core/src/injector.ts": {"path":"/home/agent/.gemini/config/plugins/remora-plugin/packages/core/src/injector.ts","statementMap":{"0":{"start":{"line":8,"column":18},"end":{"line":8,"column":null}},"1":{"start":{"line":21,"column":26},"end":{"line":21,"column":null}},"2":{"start":{"line":22,"column":19},"end":{"line":22,"column":null}},"3":{"start":{"line":24,"column":2},"end":{"line":32,"column":null}},"4":{"start":{"line":25,"column":17},"end":{"line":25,"column":null}},"5":{"start":{"line":26,"column":4},"end":{"line":29,"column":null}},"6":{"start":{"line":27,"column":6},"end":{"line":27,"column":null}},"7":{"start":{"line":28,"column":6},"end":{"line":28,"column":null}},"8":{"start":{"line":30,"column":4},"end":{"line":30,"column":null}},"9":{"start":{"line":31,"column":4},"end":{"line":31,"column":null}},"10":{"start":{"line":34,"column":2},"end":{"line":34,"column":null}},"11":{"start":{"line":34,"column":26},"end":{"line":34,"column":null}},"12":{"start":{"line":35,"column":2},"end":{"line":35,"column":null}}},"fnMap":{"0":{"name":"truncateDecisions","decl":{"start":{"line":18,"column":16},"end":{"line":18,"column":null}},"loc":{"start":{"line":20,"column":10},"end":{"line":36,"column":null}},"line":20}},"branchMap":{"0":{"loc":{"start":{"line":26,"column":4},"end":{"line":29,"column":null}},"type":"if","locations":[{"start":{"line":26,"column":4},"end":{"line":29,"column":null}},{"start":{},"end":{}}],"line":26},"1":{"loc":{"start":{"line":34,"column":2},"end":{"line":34,"column":null}},"type":"if","locations":[{"start":{"line":34,"column":2},"end":{"line":34,"column":null}},{"start":{},"end":{}}],"line":34}},"s":{"0":1,"1":9,"2":9,"3":9,"4":13,"5":13,"6":4,"7":4,"8":9,"9":9,"10":9,"11":1,"12":8},"f":{"0":9},"b":{"0":[4,9],"1":[1,8]},"meta":{"lastBranch":2,"lastFunction":1,"lastStatement":13,"seen":{"s:8:18:8:Infinity":0,"f:18:16:18:Infinity":0,"s:21:26:21:Infinity":1,"s:22:19:22:Infinity":2,"s:24:2:32:Infinity":3,"s:25:17:25:Infinity":4,"b:26:4:29:Infinity:undefined:undefined:undefined:undefined":0,"s:26:4:29:Infinity":5,"s:27:6:27:Infinity":6,"s:28:6:28:Infinity":7,"s:30:4:30:Infinity":8,"s:31:4:31:Infinity":9,"b:34:2:34:Infinity:undefined:undefined:undefined:undefined":1,"s:34:2:34:Infinity":10,"s:34:26:34:Infinity":11,"s:35:2:35:Infinity":12}}}
,"/home/agent/.gemini/config/plugins/remora-plugin/packages/core/src/liveness.ts": {"path":"/home/agent/.gemini/config/plugins/remora-plugin/packages/core/src/liveness.ts","statementMap":{"0":{"start":{"line":1,"column":30},"end":{"line":1,"column":null}},"1":{"start":{"line":7,"column":2},"end":{"line":7,"column":null}},"2":{"start":{"line":19,"column":43},"end":{"line":19,"column":null}},"3":{"start":{"line":20,"column":35},"end":{"line":20,"column":null}},"4":{"start":{"line":22,"column":2},"end":{"line":32,"column":null}},"5":{"start":{"line":23,"column":18},"end":{"line":23,"column":null}},"6":{"start":{"line":24,"column":4},"end":{"line":29,"column":null}},"7":{"start":{"line":25,"column":6},"end":{"line":28,"column":null}},"8":{"start":{"line":26,"column":8},"end":{"line":26,"column":null}},"9":{"start":{"line":27,"column":8},"end":{"line":27,"column":null}},"10":{"start":{"line":30,"column":9},"end":{"line":32,"column":null}},"11":{"start":{"line":31,"column":4},"end":{"line":31,"column":null}},"12":{"start":{"line":34,"column":2},"end":{"line":43,"column":null}},"13":{"start":{"line":35,"column":18},"end":{"line":35,"column":null}},"14":{"start":{"line":36,"column":4},"end":{"line":42,"column":null}},"15":{"start":{"line":37,"column":6},"end":{"line":41,"column":null}},"16":{"start":{"line":38,"column":8},"end":{"line":38,"column":null}},"17":{"start":{"line":39,"column":8},"end":{"line":39,"column":null}},"18":{"start":{"line":40,"column":8},"end":{"line":40,"column":null}},"19":{"start":{"line":45,"column":2},"end":{"line":45,"column":null}},"20":{"start":{"line":52,"column":2},"end":{"line":52,"column":null}},"21":{"start":{"line":52,"column":21},"end":{"line":52,"column":null}},"22":{"start":{"line":53,"column":2},"end":{"line":53,"column":null}},"23":{"start":{"line":53,"column":33},"end":{"line":53,"column":null}},"24":{"start":{"line":55,"column":16},"end":{"line":55,"column":null}},"25":{"start":{"line":58,"column":14},"end":{"line":58,"column":null}},"26":{"start":{"line":59,"column":2},"end":{"line":59,"column":null}},"27":{"start":{"line":59,"column":19},"end":{"line":59,"column":null}},"28":{"start":{"line":62,"column":19},"end":{"line":62,"column":null}},"29":{"start":{"line":64,"column":21},"end":{"line":64,"column":null}},"30":{"start":{"line":66,"column":13},"end":{"line":66,"column":null}},"31":{"start":{"line":67,"column":2},"end":{"line":67,"column":null}},"32":{"start":{"line":67,"column":18},"end":{"line":67,"column":null}},"33":{"start":{"line":69,"column":2},"end":{"line":69,"column":null}},"34":{"start":{"line":76,"column":16},"end":{"line":76,"column":null}},"35":{"start":{"line":78,"column":2},"end":{"line":108,"column":null}},"36":{"start":{"line":79,"column":20},"end":{"line":81,"column":null}},"37":{"start":{"line":82,"column":4},"end":{"line":88,"column":null}},"38":{"start":{"line":83,"column":6},"end":{"line":87,"column":null}},"39":{"start":{"line":84,"column":8},"end":{"line":86,"column":null}},"40":{"start":{"line":85,"column":10},"end":{"line":85,"column":null}},"41":{"start":{"line":89,"column":9},"end":{"line":108,"column":null}},"42":{"start":{"line":90,"column":4},"end":{"line":94,"column":null}},"43":{"start":{"line":91,"column":6},"end":{"line":93,"column":null}},"44":{"start":{"line":92,"column":8},"end":{"line":92,"column":null}},"45":{"start":{"line":95,"column":9},"end":{"line":108,"column":null}},"46":{"start":{"line":96,"column":16},"end":{"line":96,"column":null}},"47":{"start":{"line":97,"column":4},"end":{"line":107,"column":null}},"48":{"start":{"line":98,"column":6},"end":{"line":106,"column":null}},"49":{"start":{"line":99,"column":8},"end":{"line":101,"column":null}},"50":{"start":{"line":100,"column":10},"end":{"line":100,"column":null}},"51":{"start":{"line":103,"column":8},"end":{"line":105,"column":null}},"52":{"start":{"line":104,"column":10},"end":{"line":104,"column":null}},"53":{"start":{"line":110,"column":2},"end":{"line":110,"column":null}},"54":{"start":{"line":123,"column":18},"end":{"line":123,"column":null}},"55":{"start":{"line":124,"column":16},"end":{"line":124,"column":null}},"56":{"start":{"line":125,"column":2},"end":{"line":125,"column":null}},"57":{"start":{"line":133,"column":2},"end":{"line":133,"column":null}},"58":{"start":{"line":140,"column":2},"end":{"line":142,"column":null}},"59":{"start":{"line":141,"column":4},"end":{"line":141,"column":null}},"60":{"start":{"line":143,"column":18},"end":{"line":143,"column":null}},"61":{"start":{"line":144,"column":2},"end":{"line":144,"column":null}},"62":{"start":{"line":154,"column":2},"end":{"line":156,"column":null}}},"fnMap":{"0":{"name":"cleanSystemReminders","decl":{"start":{"line":6,"column":16},"end":{"line":6,"column":37}},"loc":{"start":{"line":6,"column":59},"end":{"line":8,"column":null}},"line":6},"1":{"name":"detectMode","decl":{"start":{"line":14,"column":16},"end":{"line":14,"column":null}},"loc":{"start":{"line":18,"column":49},"end":{"line":46,"column":null}},"line":18},"2":{"name":"parseSqliteTimestamp","decl":{"start":{"line":51,"column":16},"end":{"line":51,"column":37}},"loc":{"start":{"line":51,"column":61},"end":{"line":70,"column":null}},"line":51},"3":{"name":"findAllUuids","decl":{"start":{"line":75,"column":16},"end":{"line":75,"column":29}},"loc":{"start":{"line":75,"column":74},"end":{"line":111,"column":null}},"line":75},"4":{"name":"judgeZombie","decl":{"start":{"line":118,"column":16},"end":{"line":118,"column":null}},"loc":{"start":{"line":122,"column":21},"end":{"line":126,"column":null}},"line":122},"5":{"name":"suggestZombieAction","decl":{"start":{"line":132,"column":16},"end":{"line":132,"column":36}},"loc":{"start":{"line":132,"column":64},"end":{"line":134,"column":null}},"line":132},"6":{"name":"formatTimestamp","decl":{"start":{"line":139,"column":16},"end":{"line":139,"column":32}},"loc":{"start":{"line":139,"column":63},"end":{"line":145,"column":null}},"line":139},"7":{"name":"isTimerCanceled","decl":{"start":{"line":150,"column":16},"end":{"line":150,"column":null}},"loc":{"start":{"line":153,"column":11},"end":{"line":158,"column":null}},"line":153}},"branchMap":{"0":{"loc":{"start":{"line":22,"column":2},"end":{"line":32,"column":null}},"type":"if","locations":[{"start":{"line":22,"column":2},"end":{"line":32,"column":null}},{"start":{"line":30,"column":9},"end":{"line":32,"column":null}}],"line":22},"1":{"loc":{"start":{"line":22,"column":6},"end":{"line":22,"column":49}},"type":"binary-expr","locations":[{"start":{"line":22,"column":6},"end":{"line":22,"column":23}},{"start":{"line":22,"column":23},"end":{"line":22,"column":49}}],"line":22},"2":{"loc":{"start":{"line":25,"column":6},"end":{"line":28,"column":null}},"type":"if","locations":[{"start":{"line":25,"column":6},"end":{"line":28,"column":null}},{"start":{},"end":{}}],"line":25},"3":{"loc":{"start":{"line":30,"column":9},"end":{"line":32,"column":null}},"type":"if","locations":[{"start":{"line":30,"column":9},"end":{"line":32,"column":null}},{"start":{},"end":{}}],"line":30},"4":{"loc":{"start":{"line":34,"column":2},"end":{"line":43,"column":null}},"type":"if","locations":[{"start":{"line":34,"column":2},"end":{"line":43,"column":null}},{"start":{},"end":{}}],"line":34},"5":{"loc":{"start":{"line":34,"column":6},"end":{"line":34,"column":49}},"type":"binary-expr","locations":[{"start":{"line":34,"column":6},"end":{"line":34,"column":23}},{"start":{"line":34,"column":23},"end":{"line":34,"column":49}}],"line":34},"6":{"loc":{"start":{"line":37,"column":6},"end":{"line":41,"column":null}},"type":"if","locations":[{"start":{"line":37,"column":6},"end":{"line":41,"column":null}},{"start":{},"end":{}}],"line":37},"7":{"loc":{"start":{"line":52,"column":2},"end":{"line":52,"column":null}},"type":"if","locations":[{"start":{"line":52,"column":2},"end":{"line":52,"column":null}},{"start":{},"end":{}}],"line":52},"8":{"loc":{"start":{"line":53,"column":2},"end":{"line":53,"column":null}},"type":"if","locations":[{"start":{"line":53,"column":2},"end":{"line":53,"column":null}},{"start":{},"end":{}}],"line":53},"9":{"loc":{"start":{"line":59,"column":2},"end":{"line":59,"column":null}},"type":"if","locations":[{"start":{"line":59,"column":2},"end":{"line":59,"column":null}},{"start":{},"end":{}}],"line":59},"10":{"loc":{"start":{"line":67,"column":2},"end":{"line":67,"column":null}},"type":"if","locations":[{"start":{"line":67,"column":2},"end":{"line":67,"column":null}},{"start":{},"end":{}}],"line":67},"11":{"loc":{"start":{"line":78,"column":2},"end":{"line":108,"column":null}},"type":"if","locations":[{"start":{"line":78,"column":2},"end":{"line":108,"column":null}},{"start":{"line":89,"column":9},"end":{"line":108,"column":null}}],"line":78},"12":{"loc":{"start":{"line":82,"column":4},"end":{"line":88,"column":null}},"type":"if","locations":[{"start":{"line":82,"column":4},"end":{"line":88,"column":null}},{"start":{},"end":{}}],"line":82},"13":{"loc":{"start":{"line":84,"column":8},"end":{"line":86,"column":null}},"type":"if","locations":[{"start":{"line":84,"column":8},"end":{"line":86,"column":null}},{"start":{},"end":{}}],"line":84},"14":{"loc":{"start":{"line":89,"column":9},"end":{"line":108,"column":null}},"type":"if","locations":[{"start":{"line":89,"column":9},"end":{"line":108,"column":null}},{"start":{"line":95,"column":9},"end":{"line":108,"column":null}}],"line":89},"15":{"loc":{"start":{"line":95,"column":9},"end":{"line":108,"column":null}},"type":"if","locations":[{"start":{"line":95,"column":9},"end":{"line":108,"column":null}},{"start":{},"end":{}}],"line":95},"16":{"loc":{"start":{"line":95,"column":13},"end":{"line":95,"column":54}},"type":"binary-expr","locations":[{"start":{"line":95,"column":13},"end":{"line":95,"column":29}},{"start":{"line":95,"column":29},"end":{"line":95,"column":54}}],"line":95},"17":{"loc":{"start":{"line":98,"column":6},"end":{"line":106,"column":null}},"type":"if","locations":[{"start":{"line":98,"column":6},"end":{"line":106,"column":null}},{"start":{"line":102,"column":13},"end":{"line":106,"column":null}}],"line":98},"18":{"loc":{"start":{"line":98,"column":6},"end":{"line":98,"column":88}},"type":"binary-expr","locations":[{"start":{"line":98,"column":11},"end":{"line":98,"column":37}},{"start":{"line":98,"column":37},"end":{"line":98,"column":65}},{"start":{"line":98,"column":65},"end":{"line":98,"column":88}}],"line":98},"19":{"loc":{"start":{"line":99,"column":8},"end":{"line":101,"column":null}},"type":"if","locations":[{"start":{"line":99,"column":8},"end":{"line":101,"column":null}},{"start":{},"end":{}}],"line":99},"20":{"loc":{"start":{"line":123,"column":18},"end":{"line":123,"column":null}},"type":"cond-expr","locations":[{"start":{"line":123,"column":31},"end":{"line":123,"column":58}},{"start":{"line":123,"column":58},"end":{"line":123,"column":null}}],"line":123},"21":{"loc":{"start":{"line":124,"column":16},"end":{"line":124,"column":null}},"type":"cond-expr","locations":[{"start":{"line":124,"column":26},"end":{"line":124,"column":32}},{"start":{"line":124,"column":32},"end":{"line":124,"column":null}}],"line":124},"22":{"loc":{"start":{"line":133,"column":9},"end":{"line":133,"column":null}},"type":"cond-expr","locations":[{"start":{"line":133,"column":26},"end":{"line":133,"column":45}},{"start":{"line":133,"column":45},"end":{"line":133,"column":null}}],"line":133},"23":{"loc":{"start":{"line":140,"column":2},"end":{"line":142,"column":null}},"type":"if","locations":[{"start":{"line":140,"column":2},"end":{"line":142,"column":null}},{"start":{},"end":{}}],"line":140},"24":{"loc":{"start":{"line":155,"column":4},"end":{"line":156,"column":null}},"type":"binary-expr","locations":[{"start":{"line":155,"column":4},"end":{"line":155,"column":null}},{"start":{"line":156,"column":5},"end":{"line":156,"column":35}},{"start":{"line":156,"column":35},"end":{"line":156,"column":null}}],"line":155}},"s":{"0":2,"1":5,"2":22,"3":22,"4":22,"5":3,"6":3,"7":3,"8":3,"9":3,"10":19,"11":10,"12":22,"13":7,"14":7,"15":7,"16":6,"17":6,"18":6,"19":22,"20":14,"21":3,"22":11,"23":4,"24":7,"25":7,"26":7,"27":2,"28":5,"29":5,"30":5,"31":5,"32":3,"33":2,"34":34,"35":34,"36":17,"37":17,"38":8,"39":8,"40":6,"41":17,"42":3,"43":6,"44":4,"45":14,"46":13,"47":13,"48":21,"49":9,"50":7,"51":12,"52":5,"53":34,"54":13,"55":13,"56":13,"57":5,"58":0,"59":0,"60":0,"61":0,"62":5},"f":{"0":5,"1":22,"2":14,"3":34,"4":13,"5":5,"6":0,"7":5},"b":{"0":[3,19],"1":[22,5],"2":[3,0],"3":[10,9],"4":[7,15],"5":[22,7],"6":[6,1],"7":[3,11],"8":[4,7],"9":[2,5],"10":[3,2],"11":[17,17],"12":[8,9],"13":[6,2],"14":[3,14],"15":[13,1],"16":[14,13],"17":[9,12],"18":[21,14,10],"19":[7,2],"20":[13,0],"21":[7,6],"22":[2,3],"23":[0,0],"24":[5,4,3]},"meta":{"lastBranch":25,"lastFunction":8,"lastStatement":63,"seen":{"s:1:30:1:Infinity":0,"f:6:16:6:37":0,"s:7:2:7:Infinity":1,"f:14:16:14:Infinity":1,"s:19:43:19:Infinity":2,"s:20:35:20:Infinity":3,"b:22:2:32:Infinity:30:9:32:Infinity":0,"s:22:2:32:Infinity":4,"b:22:6:22:23:22:23:22:49":1,"s:23:18:23:Infinity":5,"s:24:4:29:Infinity":6,"b:25:6:28:Infinity:undefined:undefined:undefined:undefined":2,"s:25:6:28:Infinity":7,"s:26:8:26:Infinity":8,"s:27:8:27:Infinity":9,"b:30:9:32:Infinity:undefined:undefined:undefined:undefined":3,"s:30:9:32:Infinity":10,"s:31:4:31:Infinity":11,"b:34:2:43:Infinity:undefined:undefined:undefined:undefined":4,"s:34:2:43:Infinity":12,"b:34:6:34:23:34:23:34:49":5,"s:35:18:35:Infinity":13,"s:36:4:42:Infinity":14,"b:37:6:41:Infinity:undefined:undefined:undefined:undefined":6,"s:37:6:41:Infinity":15,"s:38:8:38:Infinity":16,"s:39:8:39:Infinity":17,"s:40:8:40:Infinity":18,"s:45:2:45:Infinity":19,"f:51:16:51:37":2,"b:52:2:52:Infinity:undefined:undefined:undefined:undefined":7,"s:52:2:52:Infinity":20,"s:52:21:52:Infinity":21,"b:53:2:53:Infinity:undefined:undefined:undefined:undefined":8,"s:53:2:53:Infinity":22,"s:53:33:53:Infinity":23,"s:55:16:55:Infinity":24,"s:58:14:58:Infinity":25,"b:59:2:59:Infinity:undefined:undefined:undefined:undefined":9,"s:59:2:59:Infinity":26,"s:59:19:59:Infinity":27,"s:62:19:62:Infinity":28,"s:64:21:64:Infinity":29,"s:66:13:66:Infinity":30,"b:67:2:67:Infinity:undefined:undefined:undefined:undefined":10,"s:67:2:67:Infinity":31,"s:67:18:67:Infinity":32,"s:69:2:69:Infinity":33,"f:75:16:75:29":3,"s:76:16:76:Infinity":34,"b:78:2:108:Infinity:89:9:108:Infinity":11,"s:78:2:108:Infinity":35,"s:79:20:81:Infinity":36,"b:82:4:88:Infinity:undefined:undefined:undefined:undefined":12,"s:82:4:88:Infinity":37,"s:83:6:87:Infinity":38,"b:84:8:86:Infinity:undefined:undefined:undefined:undefined":13,"s:84:8:86:Infinity":39,"s:85:10:85:Infinity":40,"b:89:9:108:Infinity:95:9:108:Infinity":14,"s:89:9:108:Infinity":41,"s:90:4:94:Infinity":42,"s:91:6:93:Infinity":43,"s:92:8:92:Infinity":44,"b:95:9:108:Infinity:undefined:undefined:undefined:undefined":15,"s:95:9:108:Infinity":45,"b:95:13:95:29:95:29:95:54":16,"s:96:16:96:Infinity":46,"s:97:4:107:Infinity":47,"b:98:6:106:Infinity:102:13:106:Infinity":17,"s:98:6:106:Infinity":48,"b:98:11:98:37:98:37:98:65:98:65:98:88":18,"b:99:8:101:Infinity:undefined:undefined:undefined:undefined":19,"s:99:8:101:Infinity":49,"s:100:10:100:Infinity":50,"s:103:8:105:Infinity":51,"s:104:10:104:Infinity":52,"s:110:2:110:Infinity":53,"f:118:16:118:Infinity":4,"s:123:18:123:Infinity":54,"b:123:31:123:58:123:58:123:Infinity":20,"s:124:16:124:Infinity":55,"b:124:26:124:32:124:32:124:Infinity":21,"s:125:2:125:Infinity":56,"f:132:16:132:36":5,"s:133:2:133:Infinity":57,"b:133:26:133:45:133:45:133:Infinity":22,"f:139:16:139:32":6,"b:140:2:142:Infinity:undefined:undefined:undefined:undefined":23,"s:140:2:142:Infinity":58,"s:141:4:141:Infinity":59,"s:143:18:143:Infinity":60,"s:144:2:144:Infinity":61,"f:150:16:150:Infinity":7,"s:154:2:156:Infinity":62,"b:155:4:155:Infinity:156:5:156:35:156:35:156:Infinity":24}}}
,"/home/agent/.gemini/config/plugins/remora-plugin/packages/core/src/phantom.ts": {"path":"/home/agent/.gemini/config/plugins/remora-plugin/packages/core/src/phantom.ts","statementMap":{"0":{"start":{"line":1,"column":41},"end":{"line":30,"column":null}},"1":{"start":{"line":37,"column":2},"end":{"line":43,"column":null}},"2":{"start":{"line":42,"column":4},"end":{"line":42,"column":null}},"3":{"start":{"line":44,"column":15},"end":{"line":44,"column":null}},"4":{"start":{"line":45,"column":18},"end":{"line":45,"column":null}},"5":{"start":{"line":46,"column":2},"end":{"line":53,"column":null}},"6":{"start":{"line":47,"column":16},"end":{"line":47,"column":null}},"7":{"start":{"line":48,"column":4},"end":{"line":52,"column":null}},"8":{"start":{"line":49,"column":22},"end":{"line":49,"column":null}},"9":{"start":{"line":50,"column":20},"end":{"line":50,"column":null}},"10":{"start":{"line":51,"column":6},"end":{"line":51,"column":null}},"11":{"start":{"line":54,"column":2},"end":{"line":54,"column":null}},"12":{"start":{"line":64,"column":17},"end":{"line":64,"column":null}},"13":{"start":{"line":65,"column":2},"end":{"line":69,"column":null}},"14":{"start":{"line":66,"column":4},"end":{"line":68,"column":null}},"15":{"start":{"line":67,"column":6},"end":{"line":67,"column":null}},"16":{"start":{"line":70,"column":2},"end":{"line":70,"column":null}}},"fnMap":{"0":{"name":"normalizeFilepath","decl":{"start":{"line":36,"column":16},"end":{"line":36,"column":34}},"loc":{"start":{"line":36,"column":66},"end":{"line":55,"column":null}},"line":36},"1":{"name":"resolvePhantomModifications","decl":{"start":{"line":60,"column":16},"end":{"line":60,"column":null}},"loc":{"start":{"line":63,"column":15},"end":{"line":71,"column":null}},"line":63}},"branchMap":{"0":{"loc":{"start":{"line":37,"column":2},"end":{"line":43,"column":null}},"type":"if","locations":[{"start":{"line":37,"column":2},"end":{"line":43,"column":null}},{"start":{},"end":{}}],"line":37},"1":{"loc":{"start":{"line":38,"column":4},"end":{"line":40,"column":null}},"type":"binary-expr","locations":[{"start":{"line":38,"column":4},"end":{"line":38,"column":null}},{"start":{"line":39,"column":4},"end":{"line":39,"column":null}},{"start":{"line":40,"column":4},"end":{"line":40,"column":null}}],"line":38},"2":{"loc":{"start":{"line":48,"column":4},"end":{"line":52,"column":null}},"type":"if","locations":[{"start":{"line":48,"column":4},"end":{"line":52,"column":null}},{"start":{},"end":{}}],"line":48},"3":{"loc":{"start":{"line":48,"column":8},"end":{"line":48,"column":51}},"type":"binary-expr","locations":[{"start":{"line":48,"column":8},"end":{"line":48,"column":35}},{"start":{"line":48,"column":35},"end":{"line":48,"column":51}}],"line":48},"4":{"loc":{"start":{"line":66,"column":4},"end":{"line":68,"column":null}},"type":"if","locations":[{"start":{"line":66,"column":4},"end":{"line":68,"column":null}},{"start":{},"end":{}}],"line":66}},"s":{"0":1,"1":14,"2":2,"3":12,"4":12,"5":12,"6":27,"7":27,"8":10,"9":10,"10":10,"11":2,"12":0,"13":0,"14":0,"15":0,"16":0},"f":{"0":14,"1":0},"b":{"0":[2,12],"1":[14,13,12],"2":[10,17],"3":[27,11],"4":[0,0]},"meta":{"lastBranch":5,"lastFunction":2,"lastStatement":17,"seen":{"s:1:41:30:Infinity":0,"f:36:16:36:34":0,"b:37:2:43:Infinity:undefined:undefined:undefined:undefined":0,"s:37:2:43:Infinity":1,"b:38:4:38:Infinity:39:4:39:Infinity:40:4:40:Infinity":1,"s:42:4:42:Infinity":2,"s:44:15:44:Infinity":3,"s:45:18:45:Infinity":4,"s:46:2:53:Infinity":5,"s:47:16:47:Infinity":6,"b:48:4:52:Infinity:undefined:undefined:undefined:undefined":2,"s:48:4:52:Infinity":7,"b:48:8:48:35:48:35:48:51":3,"s:49:22:49:Infinity":8,"s:50:20:50:Infinity":9,"s:51:6:51:Infinity":10,"s:54:2:54:Infinity":11,"f:60:16:60:Infinity":1,"s:64:17:64:Infinity":12,"s:65:2:69:Infinity":13,"b:66:4:68:Infinity:undefined:undefined:undefined:undefined":4,"s:66:4:68:Infinity":14,"s:67:6:67:Infinity":15,"s:70:2:70:Infinity":16}}}
,"/home/agent/.gemini/config/plugins/remora-plugin/packages/core/src/reader.ts": {"path":"/home/agent/.gemini/config/plugins/remora-plugin/packages/core/src/reader.ts","statementMap":{"0":{"start":{"line":8,"column":33},"end":{"line":8,"column":null}},"1":{"start":{"line":40,"column":19},"end":{"line":40,"column":null}},"2":{"start":{"line":41,"column":24},"end":{"line":41,"column":null}},"3":{"start":{"line":42,"column":32},"end":{"line":42,"column":null}},"4":{"start":{"line":43,"column":16},"end":{"line":43,"column":null}},"5":{"start":{"line":45,"column":2},"end":{"line":63,"column":null}},"6":{"start":{"line":46,"column":4},"end":{"line":60,"column":null}},"7":{"start":{"line":47,"column":23},"end":{"line":47,"column":null}},"8":{"start":{"line":48,"column":22},"end":{"line":48,"column":null}},"9":{"start":{"line":49,"column":6},"end":{"line":49,"column":null}},"10":{"start":{"line":49,"column":20},"end":{"line":49,"column":null}},"11":{"start":{"line":51,"column":6},"end":{"line":59,"column":null}},"12":{"start":{"line":52,"column":8},"end":{"line":55,"column":null}},"13":{"start":{"line":56,"column":8},"end":{"line":58,"column":null}},"14":{"start":{"line":57,"column":10},"end":{"line":57,"column":null}},"15":{"start":{"line":65,"column":2},"end":{"line":65,"column":null}}},"fnMap":{"0":{"name":"filterUserAiRounds","decl":{"start":{"line":35,"column":16},"end":{"line":35,"column":null}},"loc":{"start":{"line":39,"column":16},"end":{"line":66,"column":null}},"line":39}},"branchMap":{"0":{"loc":{"start":{"line":37,"column":2},"end":{"line":37,"column":null}},"type":"default-arg","locations":[{"start":{"line":37,"column":19},"end":{"line":37,"column":null}}],"line":37},"1":{"loc":{"start":{"line":38,"column":2},"end":{"line":38,"column":null}},"type":"default-arg","locations":[{"start":{"line":38,"column":27},"end":{"line":38,"column":null}}],"line":38},"2":{"loc":{"start":{"line":40,"column":19},"end":{"line":40,"column":null}},"type":"binary-expr","locations":[{"start":{"line":40,"column":19},"end":{"line":40,"column":39}},{"start":{"line":40,"column":39},"end":{"line":40,"column":null}}],"line":40},"3":{"loc":{"start":{"line":41,"column":24},"end":{"line":41,"column":null}},"type":"binary-expr","locations":[{"start":{"line":41,"column":24},"end":{"line":41,"column":49}},{"start":{"line":41,"column":49},"end":{"line":41,"column":null}}],"line":41},"4":{"loc":{"start":{"line":48,"column":22},"end":{"line":48,"column":null}},"type":"binary-expr","locations":[{"start":{"line":48,"column":22},"end":{"line":48,"column":38}},{"start":{"line":48,"column":38},"end":{"line":48,"column":null}}],"line":48},"5":{"loc":{"start":{"line":49,"column":6},"end":{"line":49,"column":null}},"type":"if","locations":[{"start":{"line":49,"column":6},"end":{"line":49,"column":null}},{"start":{},"end":{}}],"line":49},"6":{"loc":{"start":{"line":51,"column":6},"end":{"line":59,"column":null}},"type":"if","locations":[{"start":{"line":51,"column":6},"end":{"line":59,"column":null}},{"start":{},"end":{}}],"line":51},"7":{"loc":{"start":{"line":51,"column":10},"end":{"line":51,"column":63}},"type":"binary-expr","locations":[{"start":{"line":51,"column":10},"end":{"line":51,"column":35}},{"start":{"line":51,"column":35},"end":{"line":51,"column":63}}],"line":51},"8":{"loc":{"start":{"line":53,"column":16},"end":{"line":53,"column":null}},"type":"cond-expr","locations":[{"start":{"line":53,"column":40},"end":{"line":53,"column":49}},{"start":{"line":53,"column":49},"end":{"line":53,"column":null}}],"line":53},"9":{"loc":{"start":{"line":56,"column":8},"end":{"line":58,"column":null}},"type":"if","locations":[{"start":{"line":56,"column":8},"end":{"line":58,"column":null}},{"start":{},"end":{}}],"line":56}},"s":{"0":1,"1":9,"2":9,"3":9,"4":9,"5":9,"6":9,"7":22,"8":22,"9":22,"10":3,"11":19,"12":16,"13":16,"14":1,"15":9},"f":{"0":9},"b":{"0":[9],"1":[9],"2":[9,9],"3":[9,9],"4":[22,1],"5":[3,19],"6":[16,3],"7":[19,10],"8":[9,7],"9":[1,15]},"meta":{"lastBranch":10,"lastFunction":1,"lastStatement":16,"seen":{"s:8:33:8:Infinity":0,"f:35:16:35:Infinity":0,"b:37:19:37:Infinity":0,"b:38:27:38:Infinity":1,"s:40:19:40:Infinity":1,"b:40:19:40:39:40:39:40:Infinity":2,"s:41:24:41:Infinity":2,"b:41:24:41:49:41:49:41:Infinity":3,"s:42:32:42:Infinity":3,"s:43:16:43:Infinity":4,"s:45:2:63:Infinity":5,"s:46:4:60:Infinity":6,"s:47:23:47:Infinity":7,"s:48:22:48:Infinity":8,"b:48:22:48:38:48:38:48:Infinity":4,"b:49:6:49:Infinity:undefined:undefined:undefined:undefined":5,"s:49:6:49:Infinity":9,"s:49:20:49:Infinity":10,"b:51:6:59:Infinity:undefined:undefined:undefined:undefined":6,"s:51:6:59:Infinity":11,"b:51:10:51:35:51:35:51:63":7,"s:52:8:55:Infinity":12,"b:53:40:53:49:53:49:53:Infinity":8,"b:56:8:58:Infinity:undefined:undefined:undefined:undefined":9,"s:56:8:58:Infinity":13,"s:57:10:57:Infinity":14,"s:65:2:65:Infinity":15}}}
,"/home/agent/.gemini/config/plugins/remora-plugin/packages/core/src/safety-policy.ts": {"path":"/home/agent/.gemini/config/plugins/remora-plugin/packages/core/src/safety-policy.ts","statementMap":{"0":{"start":{"line":3,"column":50},"end":{"line":3,"column":null}},"1":{"start":{"line":4,"column":56},"end":{"line":4,"column":null}},"2":{"start":{"line":5,"column":33},"end":{"line":5,"column":null}},"3":{"start":{"line":6,"column":31},"end":{"line":6,"column":null}},"4":{"start":{"line":7,"column":28},"end":{"line":7,"column":null}},"5":{"start":{"line":34,"column":2},"end":{"line":43,"column":null}},"6":{"start":{"line":35,"column":4},"end":{"line":42,"column":null}},"7":{"start":{"line":44,"column":2},"end":{"line":44,"column":null}},"8":{"start":{"line":57,"column":2},"end":{"line":59,"column":null}},"9":{"start":{"line":58,"column":4},"end":{"line":58,"column":null}},"10":{"start":{"line":60,"column":16},"end":{"line":60,"column":null}},"11":{"start":{"line":61,"column":2},"end":{"line":63,"column":null}},"12":{"start":{"line":62,"column":4},"end":{"line":62,"column":null}},"13":{"start":{"line":64,"column":2},"end":{"line":73,"column":null}},"14":{"start":{"line":65,"column":4},"end":{"line":72,"column":null}},"15":{"start":{"line":74,"column":2},"end":{"line":74,"column":null}},"16":{"start":{"line":81,"column":2},"end":{"line":81,"column":null}},"17":{"start":{"line":81,"column":49},"end":{"line":81,"column":76}},"18":{"start":{"line":88,"column":2},"end":{"line":90,"column":null}},"19":{"start":{"line":89,"column":4},"end":{"line":89,"column":null}},"20":{"start":{"line":102,"column":2},"end":{"line":114,"column":null}},"21":{"start":{"line":103,"column":4},"end":{"line":113,"column":null}},"22":{"start":{"line":104,"column":6},"end":{"line":106,"column":null}},"23":{"start":{"line":109,"column":6},"end":{"line":111,"column":null}},"24":{"start":{"line":110,"column":8},"end":{"line":110,"column":null}},"25":{"start":{"line":112,"column":6},"end":{"line":112,"column":null}},"26":{"start":{"line":115,"column":2},"end":{"line":115,"column":null}},"27":{"start":{"line":122,"column":2},"end":{"line":124,"column":null}},"28":{"start":{"line":136,"column":2},"end":{"line":138,"column":null}},"29":{"start":{"line":137,"column":4},"end":{"line":137,"column":null}},"30":{"start":{"line":139,"column":2},"end":{"line":141,"column":null}},"31":{"start":{"line":140,"column":4},"end":{"line":140,"column":null}},"32":{"start":{"line":142,"column":2},"end":{"line":144,"column":null}},"33":{"start":{"line":142,"column":55},"end":{"line":142,"column":77}},"34":{"start":{"line":143,"column":4},"end":{"line":143,"column":null}},"35":{"start":{"line":145,"column":2},"end":{"line":145,"column":null}}},"fnMap":{"0":{"name":"enforcePromptLengthLimit","decl":{"start":{"line":30,"column":16},"end":{"line":30,"column":null}},"loc":{"start":{"line":33,"column":32},"end":{"line":45,"column":null}},"line":33},"1":{"name":"enforceSandboxWorkspace","decl":{"start":{"line":51,"column":16},"end":{"line":51,"column":null}},"loc":{"start":{"line":56,"column":32},"end":{"line":75,"column":null}},"line":56},"2":{"name":"isRotSensitiveFile","decl":{"start":{"line":80,"column":16},"end":{"line":80,"column":35}},"loc":{"start":{"line":80,"column":64},"end":{"line":82,"column":null}},"line":80},"3":{"name":"(anonymous_3)","decl":{"start":{"line":81,"column":32},"end":{"line":81,"column":38}},"loc":{"start":{"line":81,"column":49},"end":{"line":81,"column":76}},"line":81},"4":{"name":"isRotSensitivePath","decl":{"start":{"line":87,"column":16},"end":{"line":87,"column":35}},"loc":{"start":{"line":87,"column":64},"end":{"line":91,"column":null}},"line":87},"5":{"name":"(anonymous_5)","decl":{"start":{"line":88,"column":38},"end":{"line":88,"column":44}},"loc":{"start":{"line":89,"column":4},"end":{"line":89,"column":null}},"line":89},"6":{"name":"estimateReadBytes","decl":{"start":{"line":97,"column":16},"end":{"line":97,"column":null}},"loc":{"start":{"line":101,"column":10},"end":{"line":116,"column":null}},"line":101},"7":{"name":"isAccumulatedLimitExceeded","decl":{"start":{"line":121,"column":16},"end":{"line":121,"column":43}},"loc":{"start":{"line":121,"column":77},"end":{"line":126,"column":null}},"line":121},"8":{"name":"isPlanningArtifact","decl":{"start":{"line":131,"column":16},"end":{"line":131,"column":null}},"loc":{"start":{"line":135,"column":11},"end":{"line":146,"column":null}},"line":135},"9":{"name":"(anonymous_9)","decl":{"start":{"line":142,"column":43},"end":{"line":142,"column":49}},"loc":{"start":{"line":142,"column":55},"end":{"line":142,"column":77}},"line":142}},"branchMap":{"0":{"loc":{"start":{"line":32,"column":2},"end":{"line":32,"column":null}},"type":"default-arg","locations":[{"start":{"line":32,"column":21},"end":{"line":32,"column":null}}],"line":32},"1":{"loc":{"start":{"line":34,"column":2},"end":{"line":43,"column":null}},"type":"if","locations":[{"start":{"line":34,"column":2},"end":{"line":43,"column":null}},{"start":{},"end":{}}],"line":34},"2":{"loc":{"start":{"line":57,"column":2},"end":{"line":59,"column":null}},"type":"if","locations":[{"start":{"line":57,"column":2},"end":{"line":59,"column":null}},{"start":{},"end":{}}],"line":57},"3":{"loc":{"start":{"line":57,"column":6},"end":{"line":57,"column":61}},"type":"binary-expr","locations":[{"start":{"line":57,"column":6},"end":{"line":57,"column":32}},{"start":{"line":57,"column":32},"end":{"line":57,"column":61}}],"line":57},"4":{"loc":{"start":{"line":60,"column":24},"end":{"line":60,"column":45}},"type":"binary-expr","locations":[{"start":{"line":60,"column":24},"end":{"line":60,"column":43}},{"start":{"line":60,"column":43},"end":{"line":60,"column":45}}],"line":60},"5":{"loc":{"start":{"line":61,"column":2},"end":{"line":63,"column":null}},"type":"if","locations":[{"start":{"line":61,"column":2},"end":{"line":63,"column":null}},{"start":{},"end":{}}],"line":61},"6":{"loc":{"start":{"line":64,"column":2},"end":{"line":73,"column":null}},"type":"if","locations":[{"start":{"line":64,"column":2},"end":{"line":73,"column":null}},{"start":{},"end":{}}],"line":64},"7":{"loc":{"start":{"line":102,"column":2},"end":{"line":114,"column":null}},"type":"if","locations":[{"start":{"line":102,"column":2},"end":{"line":114,"column":null}},{"start":{},"end":{}}],"line":102},"8":{"loc":{"start":{"line":103,"column":4},"end":{"line":113,"column":null}},"type":"if","locations":[{"start":{"line":103,"column":4},"end":{"line":113,"column":null}},{"start":{"line":108,"column":11},"end":{"line":113,"column":null}}],"line":103},"9":{"loc":{"start":{"line":103,"column":8},"end":{"line":103,"column":50}},"type":"binary-expr","locations":[{"start":{"line":103,"column":8},"end":{"line":103,"column":31}},{"start":{"line":103,"column":31},"end":{"line":103,"column":50}}],"line":103},"10":{"loc":{"start":{"line":109,"column":6},"end":{"line":111,"column":null}},"type":"if","locations":[{"start":{"line":109,"column":6},"end":{"line":111,"column":null}},{"start":{},"end":{}}],"line":109},"11":{"loc":{"start":{"line":123,"column":4},"end":{"line":124,"column":null}},"type":"binary-expr","locations":[{"start":{"line":123,"column":4},"end":{"line":123,"column":null}},{"start":{"line":124,"column":4},"end":{"line":124,"column":null}}],"line":123},"12":{"loc":{"start":{"line":136,"column":2},"end":{"line":138,"column":null}},"type":"if","locations":[{"start":{"line":136,"column":2},"end":{"line":138,"column":null}},{"start":{},"end":{}}],"line":136},"13":{"loc":{"start":{"line":136,"column":6},"end":{"line":136,"column":64}},"type":"binary-expr","locations":[{"start":{"line":136,"column":6},"end":{"line":136,"column":38}},{"start":{"line":136,"column":38},"end":{"line":136,"column":64}}],"line":136},"14":{"loc":{"start":{"line":139,"column":2},"end":{"line":141,"column":null}},"type":"if","locations":[{"start":{"line":139,"column":2},"end":{"line":141,"column":null}},{"start":{},"end":{}}],"line":139},"15":{"loc":{"start":{"line":139,"column":6},"end":{"line":139,"column":73}},"type":"binary-expr","locations":[{"start":{"line":139,"column":6},"end":{"line":139,"column":30}},{"start":{"line":139,"column":30},"end":{"line":139,"column":73}}],"line":139},"16":{"loc":{"start":{"line":142,"column":2},"end":{"line":144,"column":null}},"type":"if","locations":[{"start":{"line":142,"column":2},"end":{"line":144,"column":null}},{"start":{},"end":{}}],"line":142},"17":{"loc":{"start":{"line":142,"column":6},"end":{"line":142,"column":80}},"type":"binary-expr","locations":[{"start":{"line":142,"column":6},"end":{"line":142,"column":26}},{"start":{"line":142,"column":26},"end":{"line":142,"column":80}}],"line":142}},"s":{"0":1,"1":1,"2":1,"3":1,"4":1,"5":2,"6":1,"7":1,"8":6,"9":2,"10":4,"11":6,"12":1,"13":3,"14":1,"15":2,"16":4,"17":9,"18":3,"19":5,"20":3,"21":2,"22":1,"23":1,"24":0,"25":1,"26":1,"27":3,"28":6,"29":1,"30":5,"31":1,"32":4,"33":9,"34":3,"35":1},"f":{"0":2,"1":6,"2":4,"3":9,"4":3,"5":5,"6":3,"7":3,"8":6,"9":9},"b":{"0":[2],"1":[1,1],"2":[2,4],"3":[6,5],"4":[4,1],"5":[1,5],"6":[1,2],"7":[2,1],"8":[1,1],"9":[2,1],"10":[0,1],"11":[3,2],"12":[1,5],"13":[6,1],"14":[1,4],"15":[5,5],"16":[3,1],"17":[4,4]},"meta":{"lastBranch":18,"lastFunction":10,"lastStatement":36,"seen":{"s:3:50:3:Infinity":0,"s:4:56:4:Infinity":1,"s:5:33:5:Infinity":2,"s:6:31:6:Infinity":3,"s:7:28:7:Infinity":4,"f:30:16:30:Infinity":0,"b:32:21:32:Infinity":0,"b:34:2:43:Infinity:undefined:undefined:undefined:undefined":1,"s:34:2:43:Infinity":5,"s:35:4:42:Infinity":6,"s:44:2:44:Infinity":7,"f:51:16:51:Infinity":1,"b:57:2:59:Infinity:undefined:undefined:undefined:undefined":2,"s:57:2:59:Infinity":8,"b:57:6:57:32:57:32:57:61":3,"s:58:4:58:Infinity":9,"s:60:16:60:Infinity":10,"b:60:24:60:43:60:43:60:45":4,"b:61:2:63:Infinity:undefined:undefined:undefined:undefined":5,"s:61:2:63:Infinity":11,"s:62:4:62:Infinity":12,"b:64:2:73:Infinity:undefined:undefined:undefined:undefined":6,"s:64:2:73:Infinity":13,"s:65:4:72:Infinity":14,"s:74:2:74:Infinity":15,"f:80:16:80:35":2,"s:81:2:81:Infinity":16,"f:81:32:81:38":3,"s:81:49:81:76":17,"f:87:16:87:35":4,"s:88:2:90:Infinity":18,"f:88:38:88:44":5,"s:89:4:89:Infinity":19,"f:97:16:97:Infinity":6,"b:102:2:114:Infinity:undefined:undefined:undefined:undefined":7,"s:102:2:114:Infinity":20,"b:103:4:113:Infinity:108:11:113:Infinity":8,"s:103:4:113:Infinity":21,"b:103:8:103:31:103:31:103:50":9,"s:104:6:106:Infinity":22,"b:109:6:111:Infinity:undefined:undefined:undefined:undefined":10,"s:109:6:111:Infinity":23,"s:110:8:110:Infinity":24,"s:112:6:112:Infinity":25,"s:115:2:115:Infinity":26,"f:121:16:121:43":7,"s:122:2:124:Infinity":27,"b:123:4:123:Infinity:124:4:124:Infinity":11,"f:131:16:131:Infinity":8,"b:136:2:138:Infinity:undefined:undefined:undefined:undefined":12,"s:136:2:138:Infinity":28,"b:136:6:136:38:136:38:136:64":13,"s:137:4:137:Infinity":29,"b:139:2:141:Infinity:undefined:undefined:undefined:undefined":14,"s:139:2:141:Infinity":30,"b:139:6:139:30:139:30:139:73":15,"s:140:4:140:Infinity":31,"b:142:2:144:Infinity:undefined:undefined:undefined:undefined":16,"s:142:2:144:Infinity":32,"b:142:6:142:26:142:26:142:80":17,"f:142:43:142:49":9,"s:142:55:142:77":33,"s:143:4:143:Infinity":34,"s:145:2:145:Infinity":35}}}
,"/home/agent/.gemini/config/plugins/remora-plugin/packages/core/src/state-trim.ts": {"path":"/home/agent/.gemini/config/plugins/remora-plugin/packages/core/src/state-trim.ts","statementMap":{"0":{"start":{"line":20,"column":8},"end":{"line":20,"column":null}},"1":{"start":{"line":23,"column":2},"end":{"line":33,"column":null}},"2":{"start":{"line":24,"column":4},"end":{"line":24,"column":null}},"3":{"start":{"line":26,"column":24},"end":{"line":26,"column":null}},"4":{"start":{"line":27,"column":23},"end":{"line":27,"column":null}},"5":{"start":{"line":28,"column":4},"end":{"line":32,"column":null}},"6":{"start":{"line":29,"column":6},"end":{"line":29,"column":null}},"7":{"start":{"line":31,"column":6},"end":{"line":31,"column":null}},"8":{"start":{"line":35,"column":2},"end":{"line":42,"column":null}},"9":{"start":{"line":36,"column":19},"end":{"line":36,"column":null}},"10":{"start":{"line":37,"column":4},"end":{"line":39,"column":null}},"11":{"start":{"line":38,"column":6},"end":{"line":38,"column":null}},"12":{"start":{"line":40,"column":4},"end":{"line":40,"column":null}},"13":{"start":{"line":41,"column":4},"end":{"line":41,"column":null}}},"fnMap":{"0":{"name":"trimStaleHookStates","decl":{"start":{"line":15,"column":16},"end":{"line":15,"column":null}},"loc":{"start":{"line":19,"column":8},"end":{"line":43,"column":null}},"line":19}},"branchMap":{"0":{"loc":{"start":{"line":23,"column":2},"end":{"line":33,"column":null}},"type":"if","locations":[{"start":{"line":23,"column":2},"end":{"line":33,"column":null}},{"start":{"line":25,"column":9},"end":{"line":33,"column":null}}],"line":23},"1":{"loc":{"start":{"line":28,"column":4},"end":{"line":32,"column":null}},"type":"if","locations":[{"start":{"line":28,"column":4},"end":{"line":32,"column":null}},{"start":{"line":30,"column":11},"end":{"line":32,"column":null}}],"line":28},"2":{"loc":{"start":{"line":28,"column":8},"end":{"line":28,"column":49}},"type":"binary-expr","locations":[{"start":{"line":28,"column":8},"end":{"line":28,"column":30}},{"start":{"line":28,"column":30},"end":{"line":28,"column":49}}],"line":28},"3":{"loc":{"start":{"line":35,"column":2},"end":{"line":42,"column":null}},"type":"if","locations":[{"start":{"line":35,"column":2},"end":{"line":42,"column":null}},{"start":{},"end":{}}],"line":35},"4":{"loc":{"start":{"line":37,"column":4},"end":{"line":39,"column":null}},"type":"if","locations":[{"start":{"line":37,"column":4},"end":{"line":39,"column":null}},{"start":{},"end":{}}],"line":37}},"s":{"0":4,"1":4,"2":1,"3":3,"4":3,"5":3,"6":1,"7":2,"8":4,"9":2,"10":2,"11":0,"12":2,"13":2},"f":{"0":4},"b":{"0":[1,3],"1":[1,2],"2":[3,2],"3":[2,2],"4":[0,2]},"meta":{"lastBranch":5,"lastFunction":1,"lastStatement":14,"seen":{"f:15:16:15:Infinity":0,"s:20:8:20:Infinity":0,"b:23:2:33:Infinity:25:9:33:Infinity":0,"s:23:2:33:Infinity":1,"s:24:4:24:Infinity":2,"s:26:24:26:Infinity":3,"s:27:23:27:Infinity":4,"b:28:4:32:Infinity:30:11:32:Infinity":1,"s:28:4:32:Infinity":5,"b:28:8:28:30:28:30:28:49":2,"s:29:6:29:Infinity":6,"s:31:6:31:Infinity":7,"b:35:2:42:Infinity:undefined:undefined:undefined:undefined":3,"s:35:2:42:Infinity":8,"s:36:19:36:Infinity":9,"b:37:4:39:Infinity:undefined:undefined:undefined:undefined":4,"s:37:4:39:Infinity":10,"s:38:6:38:Infinity":11,"s:40:4:40:Infinity":12,"s:41:4:41:Infinity":13}}}
,"/home/agent/.gemini/config/plugins/remora-plugin/packages/core/src/zombie.ts": {"path":"/home/agent/.gemini/config/plugins/remora-plugin/packages/core/src/zombie.ts","statementMap":{"0":{"start":{"line":7,"column":60},"end":{"line":12,"column":null}},"1":{"start":{"line":18,"column":2},"end":{"line":20,"column":null}},"2":{"start":{"line":19,"column":4},"end":{"line":19,"column":null}},"3":{"start":{"line":19,"column":30},"end":{"line":19,"column":null}},"4":{"start":{"line":21,"column":2},"end":{"line":21,"column":null}},"5":{"start":{"line":28,"column":2},"end":{"line":28,"column":null}}},"fnMap":{"0":{"name":"isInfrastructureProcess","decl":{"start":{"line":14,"column":16},"end":{"line":14,"column":null}},"loc":{"start":{"line":17,"column":11},"end":{"line":22,"column":null}},"line":17},"1":{"name":"isProcessExpired","decl":{"start":{"line":24,"column":16},"end":{"line":24,"column":null}},"loc":{"start":{"line":27,"column":11},"end":{"line":29,"column":null}},"line":27}},"branchMap":{"0":{"loc":{"start":{"line":16,"column":2},"end":{"line":16,"column":null}},"type":"default-arg","locations":[{"start":{"line":16,"column":34},"end":{"line":16,"column":null}}],"line":16},"1":{"loc":{"start":{"line":19,"column":4},"end":{"line":19,"column":null}},"type":"if","locations":[{"start":{"line":19,"column":4},"end":{"line":19,"column":null}},{"start":{},"end":{}}],"line":19},"2":{"loc":{"start":{"line":26,"column":2},"end":{"line":26,"column":null}},"type":"default-arg","locations":[{"start":{"line":26,"column":22},"end":{"line":26,"column":null}}],"line":26}},"s":{"0":1,"1":4,"2":16,"3":2,"4":2,"5":6},"f":{"0":4,"1":6},"b":{"0":[4],"1":[2,14],"2":[6]},"meta":{"lastBranch":3,"lastFunction":2,"lastStatement":6,"seen":{"s:7:60:12:Infinity":0,"f:14:16:14:Infinity":0,"b:16:34:16:Infinity":0,"s:18:2:20:Infinity":1,"b:19:4:19:Infinity:undefined:undefined:undefined:undefined":1,"s:19:4:19:Infinity":2,"s:19:30:19:Infinity":3,"s:21:2:21:Infinity":4,"f:24:16:24:Infinity":1,"b:26:22:26:Infinity":2,"s:28:2:28:Infinity":5}}}
,"/home/agent/.gemini/config/plugins/remora-plugin/packages/core/src/rules/inspector.ts": {"path":"/home/agent/.gemini/config/plugins/remora-plugin/packages/core/src/rules/inspector.ts","statementMap":{"0":{"start":{"line":10,"column":35},"end":{"line":10,"column":null}},"1":{"start":{"line":17,"column":2},"end":{"line":27,"column":null}},"2":{"start":{"line":21,"column":4},"end":{"line":26,"column":null}},"3":{"start":{"line":22,"column":18},"end":{"line":22,"column":null}},"4":{"start":{"line":23,"column":6},"end":{"line":23,"column":null}},"5":{"start":{"line":25,"column":6},"end":{"line":25,"column":null}},"6":{"start":{"line":28,"column":2},"end":{"line":28,"column":null}},"7":{"start":{"line":38,"column":27},"end":{"line":38,"column":null}},"8":{"start":{"line":39,"column":10},"end":{"line":39,"column":null}},"9":{"start":{"line":40,"column":12},"end":{"line":40,"column":null}},"10":{"start":{"line":42,"column":2},"end":{"line":83,"column":null}},"11":{"start":{"line":44,"column":4},"end":{"line":47,"column":null}},"12":{"start":{"line":45,"column":6},"end":{"line":45,"column":null}},"13":{"start":{"line":46,"column":6},"end":{"line":46,"column":null}},"14":{"start":{"line":50,"column":4},"end":{"line":52,"column":null}},"15":{"start":{"line":51,"column":6},"end":{"line":51,"column":null}},"16":{"start":{"line":54,"column":16},"end":{"line":54,"column":null}},"17":{"start":{"line":56,"column":4},"end":{"line":81,"column":null}},"18":{"start":{"line":57,"column":20},"end":{"line":57,"column":null}},"19":{"start":{"line":58,"column":6},"end":{"line":58,"column":null}},"20":{"start":{"line":59,"column":6},"end":{"line":67,"column":null}},"21":{"start":{"line":60,"column":8},"end":{"line":66,"column":null}},"22":{"start":{"line":61,"column":10},"end":{"line":61,"column":null}},"23":{"start":{"line":62,"column":10},"end":{"line":62,"column":null}},"24":{"start":{"line":64,"column":10},"end":{"line":64,"column":null}},"25":{"start":{"line":65,"column":10},"end":{"line":65,"column":null}},"26":{"start":{"line":68,"column":6},"end":{"line":68,"column":null}},"27":{"start":{"line":68,"column":18},"end":{"line":68,"column":null}},"28":{"start":{"line":69,"column":6},"end":{"line":69,"column":null}},"29":{"start":{"line":72,"column":6},"end":{"line":80,"column":null}},"30":{"start":{"line":73,"column":8},"end":{"line":79,"column":null}},"31":{"start":{"line":74,"column":10},"end":{"line":74,"column":null}},"32":{"start":{"line":75,"column":10},"end":{"line":75,"column":null}},"33":{"start":{"line":77,"column":10},"end":{"line":77,"column":null}},"34":{"start":{"line":78,"column":10},"end":{"line":78,"column":null}},"35":{"start":{"line":82,"column":4},"end":{"line":82,"column":null}},"36":{"start":{"line":85,"column":2},"end":{"line":85,"column":null}},"37":{"start":{"line":95,"column":2},"end":{"line":97,"column":null}},"38":{"start":{"line":96,"column":4},"end":{"line":96,"column":null}},"39":{"start":{"line":99,"column":34},"end":{"line":99,"column":null}},"40":{"start":{"line":100,"column":29},"end":{"line":100,"column":null}},"41":{"start":{"line":101,"column":21},"end":{"line":101,"column":null}},"42":{"start":{"line":103,"column":2},"end":{"line":112,"column":null}},"43":{"start":{"line":104,"column":4},"end":{"line":111,"column":null}},"44":{"start":{"line":105,"column":6},"end":{"line":108,"column":null}},"45":{"start":{"line":106,"column":8},"end":{"line":106,"column":null}},"46":{"start":{"line":107,"column":8},"end":{"line":107,"column":null}},"47":{"start":{"line":110,"column":6},"end":{"line":110,"column":null}},"48":{"start":{"line":113,"column":2},"end":{"line":115,"column":null}},"49":{"start":{"line":114,"column":4},"end":{"line":114,"column":null}},"50":{"start":{"line":117,"column":45},"end":{"line":117,"column":null}},"51":{"start":{"line":119,"column":2},"end":{"line":253,"column":null}},"52":{"start":{"line":120,"column":4},"end":{"line":120,"column":null}},"53":{"start":{"line":120,"column":26},"end":{"line":120,"column":null}},"54":{"start":{"line":123,"column":4},"end":{"line":135,"column":null}},"55":{"start":{"line":128,"column":22},"end":{"line":128,"column":null}},"56":{"start":{"line":129,"column":20},"end":{"line":129,"column":null}},"57":{"start":{"line":130,"column":6},"end":{"line":134,"column":null}},"58":{"start":{"line":131,"column":18},"end":{"line":131,"column":null}},"59":{"start":{"line":132,"column":18},"end":{"line":132,"column":null}},"60":{"start":{"line":133,"column":8},"end":{"line":133,"column":null}},"61":{"start":{"line":136,"column":4},"end":{"line":136,"column":null}},"62":{"start":{"line":136,"column":26},"end":{"line":136,"column":null}},"63":{"start":{"line":139,"column":25},"end":{"line":145,"column":null}},"64":{"start":{"line":140,"column":21},"end":{"line":140,"column":null}},"65":{"start":{"line":141,"column":6},"end":{"line":143,"column":null}},"66":{"start":{"line":142,"column":8},"end":{"line":142,"column":null}},"67":{"start":{"line":144,"column":6},"end":{"line":144,"column":null}},"68":{"start":{"line":147,"column":16},"end":{"line":147,"column":null}},"69":{"start":{"line":148,"column":17},"end":{"line":148,"column":null}},"70":{"start":{"line":151,"column":4},"end":{"line":160,"column":null}},"71":{"start":{"line":152,"column":6},"end":{"line":152,"column":null}},"72":{"start":{"line":152,"column":44},"end":{"line":152,"column":null}},"73":{"start":{"line":153,"column":22},"end":{"line":153,"column":null}},"74":{"start":{"line":154,"column":6},"end":{"line":159,"column":null}},"75":{"start":{"line":155,"column":32},"end":{"line":155,"column":null}},"76":{"start":{"line":156,"column":8},"end":{"line":158,"column":null}},"77":{"start":{"line":157,"column":10},"end":{"line":157,"column":null}},"78":{"start":{"line":163,"column":4},"end":{"line":203,"column":null}},"79":{"start":{"line":164,"column":6},"end":{"line":173,"column":null}},"80":{"start":{"line":165,"column":20},"end":{"line":165,"column":null}},"81":{"start":{"line":166,"column":8},"end":{"line":172,"column":null}},"82":{"start":{"line":167,"column":27},"end":{"line":167,"column":null}},"83":{"start":{"line":168,"column":34},"end":{"line":168,"column":null}},"84":{"start":{"line":169,"column":10},"end":{"line":171,"column":null}},"85":{"start":{"line":170,"column":12},"end":{"line":170,"column":null}},"86":{"start":{"line":174,"column":11},"end":{"line":203,"column":null}},"87":{"start":{"line":175,"column":23},"end":{"line":175,"column":null}},"88":{"start":{"line":176,"column":30},"end":{"line":176,"column":null}},"89":{"start":{"line":177,"column":6},"end":{"line":179,"column":null}},"90":{"start":{"line":178,"column":8},"end":{"line":178,"column":null}},"91":{"start":{"line":180,"column":11},"end":{"line":203,"column":null}},"92":{"start":{"line":181,"column":6},"end":{"line":189,"column":null}},"93":{"start":{"line":182,"column":20},"end":{"line":182,"column":null}},"94":{"start":{"line":183,"column":8},"end":{"line":188,"column":null}},"95":{"start":{"line":184,"column":23},"end":{"line":184,"column":null}},"96":{"start":{"line":185,"column":10},"end":{"line":187,"column":null}},"97":{"start":{"line":186,"column":12},"end":{"line":186,"column":null}},"98":{"start":{"line":190,"column":6},"end":{"line":192,"column":null}},"99":{"start":{"line":191,"column":8},"end":{"line":191,"column":null}},"100":{"start":{"line":193,"column":11},"end":{"line":203,"column":null}},"101":{"start":{"line":194,"column":6},"end":{"line":202,"column":null}},"102":{"start":{"line":195,"column":20},"end":{"line":195,"column":null}},"103":{"start":{"line":196,"column":8},"end":{"line":201,"column":null}},"104":{"start":{"line":197,"column":23},"end":{"line":197,"column":null}},"105":{"start":{"line":198,"column":10},"end":{"line":200,"column":null}},"106":{"start":{"line":199,"column":12},"end":{"line":199,"column":null}},"107":{"start":{"line":206,"column":4},"end":{"line":208,"column":null}},"108":{"start":{"line":207,"column":6},"end":{"line":207,"column":null}},"109":{"start":{"line":209,"column":4},"end":{"line":211,"column":null}},"110":{"start":{"line":210,"column":6},"end":{"line":210,"column":null}},"111":{"start":{"line":212,"column":4},"end":{"line":214,"column":null}},"112":{"start":{"line":213,"column":6},"end":{"line":213,"column":null}},"113":{"start":{"line":215,"column":4},"end":{"line":222,"column":null}},"114":{"start":{"line":216,"column":6},"end":{"line":218,"column":null}},"115":{"start":{"line":217,"column":8},"end":{"line":217,"column":null}},"116":{"start":{"line":219,"column":6},"end":{"line":221,"column":null}},"117":{"start":{"line":220,"column":8},"end":{"line":220,"column":null}},"118":{"start":{"line":224,"column":4},"end":{"line":226,"column":null}},"119":{"start":{"line":225,"column":6},"end":{"line":225,"column":null}},"120":{"start":{"line":227,"column":4},"end":{"line":229,"column":null}},"121":{"start":{"line":228,"column":6},"end":{"line":228,"column":null}},"122":{"start":{"line":230,"column":4},"end":{"line":232,"column":null}},"123":{"start":{"line":231,"column":6},"end":{"line":231,"column":null}},"124":{"start":{"line":233,"column":4},"end":{"line":239,"column":null}},"125":{"start":{"line":234,"column":6},"end":{"line":238,"column":null}},"126":{"start":{"line":235,"column":8},"end":{"line":237,"column":null}},"127":{"start":{"line":236,"column":10},"end":{"line":236,"column":null}},"128":{"start":{"line":240,"column":4},"end":{"line":242,"column":null}},"129":{"start":{"line":241,"column":6},"end":{"line":241,"column":null}},"130":{"start":{"line":244,"column":4},"end":{"line":246,"column":null}},"131":{"start":{"line":245,"column":6},"end":{"line":245,"column":null}},"132":{"start":{"line":247,"column":4},"end":{"line":249,"column":null}},"133":{"start":{"line":248,"column":6},"end":{"line":248,"column":null}},"134":{"start":{"line":250,"column":4},"end":{"line":252,"column":null}},"135":{"start":{"line":251,"column":6},"end":{"line":251,"column":null}},"136":{"start":{"line":255,"column":2},"end":{"line":255,"column":null}},"137":{"start":{"line":273,"column":2},"end":{"line":289,"column":null}},"138":{"start":{"line":274,"column":4},"end":{"line":274,"column":null}},"139":{"start":{"line":278,"column":6},"end":{"line":278,"column":null}},"140":{"start":{"line":280,"column":6},"end":{"line":280,"column":null}},"141":{"start":{"line":282,"column":4},"end":{"line":284,"column":null}},"142":{"start":{"line":283,"column":6},"end":{"line":283,"column":null}},"143":{"start":{"line":285,"column":4},"end":{"line":287,"column":null}},"144":{"start":{"line":286,"column":6},"end":{"line":286,"column":null}},"145":{"start":{"line":288,"column":4},"end":{"line":288,"column":null}},"146":{"start":{"line":291,"column":2},"end":{"line":293,"column":null}},"147":{"start":{"line":292,"column":4},"end":{"line":292,"column":null}},"148":{"start":{"line":295,"column":2},"end":{"line":295,"column":null}}},"fnMap":{"0":{"name":"decodeBase64Token","decl":{"start":{"line":16,"column":16},"end":{"line":16,"column":34}},"loc":{"start":{"line":16,"column":64},"end":{"line":29,"column":null}},"line":16},"1":{"name":"shellSplit","decl":{"start":{"line":37,"column":9},"end":{"line":37,"column":20}},"loc":{"start":{"line":37,"column":46},"end":{"line":86,"column":null}},"line":37},"2":{"name":"inspectTokens","decl":{"start":{"line":94,"column":9},"end":{"line":94,"column":23}},"loc":{"start":{"line":94,"column":78},"end":{"line":256,"column":null}},"line":94},"3":{"name":"(anonymous_3)","decl":{"start":{"line":139,"column":29},"end":{"line":139,"column":34}},"loc":{"start":{"line":139,"column":44},"end":{"line":145,"column":5}},"line":139},"4":{"name":"inspectCommand","decl":{"start":{"line":267,"column":16},"end":{"line":267,"column":null}},"loc":{"start":{"line":270,"column":20},"end":{"line":296,"column":null}},"line":270}},"branchMap":{"0":{"loc":{"start":{"line":17,"column":2},"end":{"line":27,"column":null}},"type":"if","locations":[{"start":{"line":17,"column":2},"end":{"line":27,"column":null}},{"start":{},"end":{}}],"line":17},"1":{"loc":{"start":{"line":18,"column":4},"end":{"line":19,"column":null}},"type":"binary-expr","locations":[{"start":{"line":18,"column":4},"end":{"line":18,"column":null}},{"start":{"line":19,"column":4},"end":{"line":19,"column":null}}],"line":18},"2":{"loc":{"start":{"line":44,"column":4},"end":{"line":47,"column":null}},"type":"if","locations":[{"start":{"line":44,"column":4},"end":{"line":47,"column":null}},{"start":{},"end":{}}],"line":44},"3":{"loc":{"start":{"line":50,"column":4},"end":{"line":52,"column":null}},"type":"if","locations":[{"start":{"line":50,"column":4},"end":{"line":52,"column":null}},{"start":{},"end":{}}],"line":50},"4":{"loc":{"start":{"line":56,"column":4},"end":{"line":81,"column":null}},"type":"if","locations":[{"start":{"line":56,"column":4},"end":{"line":81,"column":null}},{"start":{"line":70,"column":11},"end":{"line":81,"column":null}}],"line":56},"5":{"loc":{"start":{"line":56,"column":8},"end":{"line":56,"column":48}},"type":"binary-expr","locations":[{"start":{"line":56,"column":8},"end":{"line":56,"column":29}},{"start":{"line":56,"column":29},"end":{"line":56,"column":48}}],"line":56},"6":{"loc":{"start":{"line":59,"column":13},"end":{"line":59,"column":43}},"type":"binary-expr","locations":[{"start":{"line":59,"column":13},"end":{"line":59,"column":22}},{"start":{"line":59,"column":22},"end":{"line":59,"column":43}}],"line":59},"7":{"loc":{"start":{"line":60,"column":8},"end":{"line":66,"column":null}},"type":"if","locations":[{"start":{"line":60,"column":8},"end":{"line":66,"column":null}},{"start":{"line":63,"column":15},"end":{"line":66,"column":null}}],"line":60},"8":{"loc":{"start":{"line":60,"column":12},"end":{"line":60,"column":62}},"type":"binary-expr","locations":[{"start":{"line":60,"column":12},"end":{"line":60,"column":34}},{"start":{"line":60,"column":34},"end":{"line":60,"column":51}},{"start":{"line":60,"column":51},"end":{"line":60,"column":62}}],"line":60},"9":{"loc":{"start":{"line":68,"column":6},"end":{"line":68,"column":null}},"type":"if","locations":[{"start":{"line":68,"column":6},"end":{"line":68,"column":null}},{"start":{},"end":{}}],"line":68},"10":{"loc":{"start":{"line":72,"column":13},"end":{"line":72,"column":45}},"type":"binary-expr","locations":[{"start":{"line":72,"column":13},"end":{"line":72,"column":22}},{"start":{"line":72,"column":22},"end":{"line":72,"column":45}}],"line":72},"11":{"loc":{"start":{"line":73,"column":8},"end":{"line":79,"column":null}},"type":"if","locations":[{"start":{"line":73,"column":8},"end":{"line":79,"column":null}},{"start":{"line":76,"column":15},"end":{"line":79,"column":null}}],"line":73},"12":{"loc":{"start":{"line":73,"column":12},"end":{"line":73,"column":45}},"type":"binary-expr","locations":[{"start":{"line":73,"column":12},"end":{"line":73,"column":34}},{"start":{"line":73,"column":34},"end":{"line":73,"column":45}}],"line":73},"13":{"loc":{"start":{"line":94,"column":41},"end":{"line":94,"column":78}},"type":"default-arg","locations":[{"start":{"line":94,"column":57
[...]
,"/home/agent/.gemini/config/plugins/remora-plugin/packages/core/src/storage/sessions.ts": {"path":"/home/agent/.gemini/config/plugins/remora-plugin/packages/core/src/storage/sessions.ts","statementMap":{"0":{"start":{"line":4,"column":2},"end":{"line":13,"column":null}},"1":{"start":{"line":5,"column":16},"end":{"line":5,"column":null}},"2":{"start":{"line":6,"column":4},"end":{"line":8,"column":null}},"3":{"start":{"line":7,"column":6},"end":{"line":7,"column":null}},"4":{"start":{"line":9,"column":4},"end":{"line":9,"column":null}},"5":{"start":{"line":11,"column":4},"end":{"line":11,"column":null}},"6":{"start":{"line":12,"column":4},"end":{"line":12,"column":null}},"7":{"start":{"line":17,"column":2},"end":{"line":20,"column":null}},"8":{"start":{"line":25,"column":2},"end":{"line":33,"column":null}},"9":{"start":{"line":26,"column":16},"end":{"line":28,"column":null}},"10":{"start":{"line":29,"column":4},"end":{"line":29,"column":null}},"11":{"start":{"line":31,"column":4},"end":{"line":31,"column":null}},"12":{"start":{"line":32,"column":4},"end":{"line":32,"column":null}},"13":{"start":{"line":37,"column":2},"end":{"line":37,"column":null}},"14":{"start":{"line":41,"column":2},"end":{"line":52,"column":null}},"15":{"start":{"line":42,"column":4},"end":{"line":45,"column":null}},"16":{"start":{"line":47,"column":4},"end":{"line":51,"column":null}},"17":{"start":{"line":57,"column":2},"end":{"line":65,"column":null}},"18":{"start":{"line":58,"column":16},"end":{"line":60,"column":null}},"19":{"start":{"line":61,"column":4},"end":{"line":61,"column":null}},"20":{"start":{"line":63,"column":4},"end":{"line":63,"column":null}},"21":{"start":{"line":64,"column":4},"end":{"line":64,"column":null}}},"fnMap":{"0":{"name":"readMode","decl":{"start":{"line":3,"column":16},"end":{"line":3,"column":25}},"loc":{"start":{"line":3,"column":111},"end":{"line":14,"column":null}},"line":3},"1":{"name":"writeMode","decl":{"start":{"line":16,"column":16},"end":{"line":16,"column":26}},"loc":{"start":{"line":16,"column":90},"end":{"line":21,"column":null}},"line":16},"2":{"name":"getLatestSession","decl":{"start":{"line":24,"column":16},"end":{"line":24,"column":33}},"loc":{"start":{"line":24,"column":112},"end":{"line":34,"column":null}},"line":24},"3":{"name":"updateColdStart","decl":{"start":{"line":36,"column":16},"end":{"line":36,"column":32}},"loc":{"start":{"line":36,"column":103},"end":{"line":38,"column":null}},"line":36},"4":{"name":"forceColdStartLatestSession","decl":{"start":{"line":40,"column":16},"end":{"line":40,"column":44}},"loc":{"start":{"line":40,"column":96},"end":{"line":53,"column":null}},"line":40},"5":{"name":"getSession","decl":{"start":{"line":56,"column":16},"end":{"line":56,"column":27}},"loc":{"start":{"line":56,"column":159},"end":{"line":66,"column":null}},"line":56}},"branchMap":{"0":{"loc":{"start":{"line":3,"column":69},"end":{"line":3,"column":111}},"type":"default-arg","locations":[{"start":{"line":3,"column":91},"end":{"line":3,"column":111}}],"line":3},"1":{"loc":{"start":{"line":6,"column":4},"end":{"line":8,"column":null}},"type":"if","locations":[{"start":{"line":6,"column":4},"end":{"line":8,"column":null}},{"start":{},"end":{}}],"line":6},"2":{"loc":{"start":{"line":6,"column":8},"end":{"line":6,"column":34}},"type":"binary-expr","locations":[{"start":{"line":6,"column":8},"end":{"line":6,"column":15}},{"start":{"line":6,"column":15},"end":{"line":6,"column":34}}],"line":6},"3":{"loc":{"start":{"line":29,"column":11},"end":{"line":29,"column":null}},"type":"binary-expr","locations":[{"start":{"line":29,"column":11},"end":{"line":29,"column":18}},{"start":{"line":29,"column":18},"end":{"line":29,"column":null}}],"line":29},"4":{"loc":{"start":{"line":41,"column":2},"end":{"line":52,"column":null}},"type":"if","locations":[{"start":{"line":41,"column":2},"end":{"line":52,"column":null}},{"start":{"line":46,"column":9},"end":{"line":52,"column":null}}],"line":41},"5":{"loc":{"start":{"line":61,"column":11},"end":{"line":61,"column":null}},"type":"binary-expr","locations":[{"start":{"line":61,"column":11},"end":{"line":61,"column":18}},{"start":{"line":61,"column":18},"end":{"line":61,"column":null}}],"line":61}},"s":{"0":3,"1":3,"2":3,"3":1,"4":1,"5":1,"6":1,"7":3,"8":4,"9":4,"10":4,"11":1,"12":1,"13":3,"14":2,"15":1,"16":1,"17":0,"18":0,"19":0,"20":0,"21":0},"f":{"0":3,"1":3,"2":4,"3":3,"4":2,"5":0},"b":{"0":[3],"1":[1,2],"2":[3,1],"3":[4,0],"4":[1,1],"5":[0,0]},"meta":{"lastBranch":6,"lastFunction":6,"lastStatement":22,"seen":{"f:3:16:3:25":0,"b:3:91:3:111":0,"s:4:2:13:Infinity":0,"s:5:16:5:Infinity":1,"b:6:4:8:Infinity:undefined:undefined:undefined:undefined":1,"s:6:4:8:Infinity":2,"b:6:8:6:15:6:15:6:34":2,"s:7:6:7:Infinity":3,"s:9:4:9:Infinity":4,"s:11:4:11:Infinity":5,"s:12:4:12:Infinity":6,"f:16:16:16:26":1,"s:17:2:20:Infinity":7,"f:24:16:24:33":2,"s:25:2:33:Infinity":8,"s:26:16:28:Infinity":9,"s:29:4:29:Infinity":10,"b:29:11:29:18:29:18:29:Infinity":3,"s:31:4:31:Infinity":11,"s:32:4:32:Infinity":12,"f:36:16:36:32":3,"s:37:2:37:Infinity":13,"f:40:16:40:44":4,"b:41:2:52:Infinity:46:9:52:Infinity":4,"s:41:2:52:Infinity":14,"s:42:4:45:Infinity":15,"s:47:4:51:Infinity":16,"f:56:16:56:27":5,"s:57:2:65:Infinity":17,"s:58:16:60:Infinity":18,"s:61:4:61:Infinity":19,"b:61:11:61:18:61:18:61:Infinity":5,"s:63:4:63:Infinity":20,"s:64:4:64:Infinity":21}}}
,"/home/agent/.gemini/config/plugins/remora-plugin/packages/core/src/storage/topics.ts": {"path":"/home/agent/.gemini/config/plugins/remora-plugin/packages/core/src/storage/topics.ts","statementMap":{"0":{"start":{"line":19,"column":2},"end":{"line":29,"column":null}},"1":{"start":{"line":20,"column":16},"end":{"line":24,"column":null}},"2":{"start":{"line":25,"column":4},"end":{"line":25,"column":null}},"3":{"start":{"line":27,"column":4},"end":{"line":27,"column":null}},"4":{"start":{"line":28,"column":4},"end":{"line":28,"column":null}},"5":{"start":{"line":45,"column":2},"end":{"line":51,"column":null}},"6":{"start":{"line":65,"column":2},"end":{"line":67,"column":null}},"7":{"start":{"line":68,"column":2},"end":{"line":73,"column":null}},"8":{"start":{"line":84,"column":2},"end":{"line":88,"column":null}},"9":{"start":{"line":100,"column":2},"end":{"line":118,"column":null}},"10":{"start":{"line":101,"column":17},"end":{"line":105,"column":null}},"11":{"start":{"line":110,"column":4},"end":{"line":114,"column":null}},"12":{"start":{"line":110,"column":28},"end":{"line":114,"column":6}},"13":{"start":{"line":116,"column":4},"end":{"line":116,"column":null}},"14":{"start":{"line":117,"column":4},"end":{"line":117,"column":null}},"15":{"start":{"line":129,"column":2},"end":{"line":133,"column":null}},"16":{"start":{"line":149,"column":16},"end":{"line":149,"column":null}},"17":{"start":{"line":150,"column":2},"end":{"line":150,"column":null}},"18":{"start":{"line":151,"column":2},"end":{"line":192,"column":null}},"19":{"start":{"line":152,"column":16},"end":{"line":156,"column":null}},"20":{"start":{"line":160,"column":6},"end":{"line":160,"column":null}},"21":{"start":{"line":161,"column":65},"end":{"line":161,"column":null}},"22":{"start":{"line":162,"column":4},"end":{"line":166,"column":null}},"23":{"start":{"line":163,"column":6},"end":{"line":163,"column":null}},"24":{"start":{"line":165,"column":6},"end":{"line":165,"column":null}},"25":{"start":{"line":168,"column":72},"end":{"line":168,"column":null}},"26":{"start":{"line":169,"column":4},"end":{"line":173,"column":null}},"27":{"start":{"line":170,"column":6},"end":{"line":172,"column":null}},"28":{"start":{"line":171,"column":8},"end":{"line":171,"column":null}},"29":{"start":{"line":174,"column":4},"end":{"line":180,"column":null}},"30":{"start":{"line":175,"column":6},"end":{"line":179,"column":null}},"31":{"start":{"line":176,"column":8},"end":{"line":176,"column":null}},"32":{"start":{"line":177,"column":13},"end":{"line":179,"column":null}},"33":{"start":{"line":178,"column":8},"end":{"line":178,"column":null}},"34":{"start":{"line":182,"column":4},"end":{"line":186,"column":null}},"35":{"start":{"line":188,"column":4},"end":{"line":188,"column":null}},"36":{"start":{"line":190,"column":4},"end":{"line":190,"column":null}},"37":{"start":{"line":191,"column":4},"end":{"line":191,"column":null}},"38":{"start":{"line":205,"column":14},"end":{"line":209,"column":null}},"39":{"start":{"line":210,"column":2},"end":{"line":210,"column":null}},"40":{"start":{"line":224,"column":14},"end":{"line":228,"column":null}},"41":{"start":{"line":231,"column":2},"end":{"line":233,"column":null}},"42":{"start":{"line":247,"column":2},"end":{"line":251,"column":null}},"43":{"start":{"line":267,"column":2},"end":{"line":273,"column":null}},"44":{"start":{"line":280,"column":15},"end":{"line":282,"column":null}},"45":{"start":{"line":283,"column":2},"end":{"line":283,"column":null}},"46":{"start":{"line":283,"column":25},"end":{"line":283,"column":31}},"47":{"start":{"line":295,"column":2},"end":{"line":305,"column":null}},"48":{"start":{"line":296,"column":16},"end":{"line":300,"column":null}},"49":{"start":{"line":301,"column":4},"end":{"line":301,"column":null}},"50":{"start":{"line":303,"column":4},"end":{"line":303,"column":null}},"51":{"start":{"line":304,"column":4},"end":{"line":304,"column":null}}},"fnMap":{"0":{"name":"getActiveTopic","decl":{"start":{"line":15,"column":16},"end":{"line":15,"column":null}},"loc":{"start":{"line":18,"column":17},"end":{"line":30,"column":null}},"line":18},"1":{"name":"createOrUpdateTopic","decl":{"start":{"line":38,"column":16},"end":{"line":38,"column":null}},"loc":{"start":{"line":44,"column":8},"end":{"line":52,"column":null}},"line":44},"2":{"name":"switchTopic","decl":{"start":{"line":60,"column":16},"end":{"line":60,"column":null}},"loc":{"start":{"line":64,"column":8},"end":{"line":74,"column":null}},"line":64},"3":{"name":"closeTopic","decl":{"start":{"line":79,"column":16},"end":{"line":79,"column":null}},"loc":{"start":{"line":83,"column":8},"end":{"line":89,"column":null}},"line":83},"4":{"name":"getTopicsByUuid","decl":{"start":{"line":96,"column":16},"end":{"line":96,"column":null}},"loc":{"start":{"line":99,"column":14},"end":{"line":119,"column":null}},"line":99},"5":{"name":"(anonymous_5)","decl":{"start":{"line":110,"column":16},"end":{"line":110,"column":21}},"loc":{"start":{"line":110,"column":28},"end":{"line":114,"column":6}},"line":110},"6":{"name":"touchTopicSourceManual","decl":{"start":{"line":124,"column":16},"end":{"line":124,"column":null}},"loc":{"start":{"line":128,"column":8},"end":{"line":134,"column":null}},"line":128},"7":{"name":"mergePhysicalFilesToTopic","decl":{"start":{"line":143,"column":16},"end":{"line":143,"column":null}},"loc":{"start":{"line":148,"column":8},"end":{"line":193,"column":null}},"line":148},"8":{"name":"getOpenTopic","decl":{"start":{"line":201,"column":16},"end":{"line":201,"column":null}},"loc":{"start":{"line":204,"column":17},"end":{"line":211,"column":null}},"line":204},"9":{"name":"getTopicFiles","decl":{"start":{"line":219,"column":16},"end":{"line":219,"column":null}},"loc":{"start":{"line":223,"column":34},"end":{"line":234,"column":null}},"line":223},"10":{"name":"updateTopicFiles","decl":{"start":{"line":240,"column":16},"end":{"line":240,"column":null}},"loc":{"start":{"line":246,"column":8},"end":{"line":252,"column":null}},"line":246},"11":{"name":"upsertTopic","decl":{"start":{"line":260,"column":16},"end":{"line":260,"column":null}},"loc":{"start":{"line":266,"column":8},"end":{"line":274,"column":null}},"line":266},"12":{"name":"getAllProjectUuids","decl":{"start":{"line":279,"column":16},"end":{"line":279,"column":35}},"loc":{"start":{"line":279,"column":70},"end":{"line":284,"column":null}},"line":279},"13":{"name":"(anonymous_13)","decl":{"start":{"line":283,"column":14},"end":{"line":283,"column":19}},"loc":{"start":{"line":283,"column":25},"end":{"line":283,"column":31}},"line":283},"14":{"name":"getActiveTopicCreatedAt","decl":{"start":{"line":291,"column":16},"end":{"line":291,"column":null}},"loc":{"start":{"line":294,"column":17},"end":{"line":306,"column":null}},"line":294}},"branchMap":{"0":{"loc":{"start":{"line":25,"column":11},"end":{"line":25,"column":null}},"type":"cond-expr","locations":[{"start":{"line":25,"column":17},"end":{"line":25,"column":32}},{"start":{"line":25,"column":32},"end":{"line":25,"column":null}}],"line":25},"1":{"loc":{"start":{"line":42,"column":2},"end":{"line":42,"column":null}},"type":"default-arg","locations":[{"start":{"line":42,"column":20},"end":{"line":42,"column":null}}],"line":42},"2":{"loc":{"start":{"line":43,"column":2},"end":{"line":43,"column":null}},"type":"default-arg","locations":[{"start":{"line":43,"column":19},"end":{"line":43,"column":null}}],"line":43},"3":{"loc":{"start":{"line":160,"column":6},"end":{"line":160,"column":null}},"type":"cond-expr","locations":[{"start":{"line":160,"column":36},"end":{"line":160,"column":59}},{"start":{"line":160,"column":59},"end":{"line":160,"column":null}}],"line":160},"4":{"loc":{"start":{"line":160,"column":6},"end":{"line":160,"column":36}},"type":"binary-expr","locations":[{"start":{"line":160,"column":6},"end":{"line":160,"column":13}},{"start":{"line":160,"column":13},"end":{"line":160,"column":36}}],"line":160},"5":{"loc":{"start":{"line":170,"column":6},"end":{"line":172,"column":null}},"type":"if","locations":[{"start":{"line":170,"column":6},"end":{"line":172,"column":null}},{"start":{},"end":{}}],"line":170},"6":{"loc":{"start":{"line":175,"column":6},"end":{"line":179,"column":null}},"type":"if","locations":[{"start":{"line":175,"column":6},"end":{"line":179,"column":null}},{"start":{"line":177,"column":13},"end":{"line":179,"column":null}}],"line":175},"7":{"loc":{"start":{"line":177,"column":13},"end":{"line":179,"column":null}},"type":"if","locations":[{"start":{"line":177,"column":13},"end":{"line":179,"column":null}},{"start":{},"end":{}}],"line":177},"8":{"loc":{"start":{"line":210,"column":9},"end":{"line":210,"column":null}},"type":"cond-expr","locations":[{"start":{"line":210,"column":15},"end":{"line":210,"column":30}},{"start":{"line":210,"column":30},"end":{"line":210,"column":null}}],"line":210},"9":{"loc":{"start":{"line":231,"column":9},"end":{"line":233,"column":null}},"type":"cond-expr","locations":[{"start":{"line":232,"column":6},"end":{"line":232,"column":null}},{"start":{"line":233,"column":6},"end":{"line":233,"column":null}}],"line":231},"10":{"loc":{"start":{"line":301,"column":11},"end":{"line":301,"column":null}},"type":"cond-expr","locations":[{"start":{"line":301,"column":17},"end":{"line":301,"column":34}},{"start":{"line":301,"column":34},"end":{"line":301,"column":null}}],"line":301}},"s":{"0":7,"1":7,"2":7,"3":1,"4":1,"5":6,"6":2,"7":2,"8":1,"9":5,"10":5,"11":5,"12":5,"13":1,"14":1,"15":1,"16":5,"17":5,"18":5,"19":5,"20":5,"21":5,"22":5,"23":5,"24":1,"25":5,"26":5,"27":8,"28":8,"29":5,"30":6,"31":4,"32":2,"33":1,"34":5,"35":5,"36":0,"37":0,"38":0,"39":0,"40":0,"41":0,"42":0,"43":0,"44":0,"45":0,"46":0,"47":0,"48":0,"49":0,"50":0,"51":0},"f":{"0":7,"1":6,"2":2,"3":1,"4":5,"5":5,"6":1,"7":5,"8":0,"9":0,"10":0,"11":0,"12":0,"13":0,"14":0},"b":{"0":[4,2],"1":[6],"2":[6],"3":[5,0],"4":[5,5],"5":[8,0],"6":[4,2],"7":[1,1],"8":[0,0],"9":[0,0],"10":[0,0]},"meta":{"lastBranch":11,"lastFunction":15,"lastStatement":52,"seen":{"f:15:16:15:Infinity":0,"s:19:2:29:Infinity":0,"s:20:16:24:Infinity":1,"s:25:4:25:Infinity":2,"b:25:17:25:32:25:32:25:Infinity":0,"s:27:4:27:Infinity":3,"s:28:4:28:Infinity":4,"f:38:16:38:Infinity":1,"b:42:20:42:Infinity":1,"b:43:19:43:Infinity":2,"s:45:2:51:Infinity":5,"f:60:16:60:Infinity":2,"s:65:2:67:Infinity":6,"s:68:2:73:Infinity":7,"f:79:16:79:Infinity":3,"s:84:2:88:Infinity":8,"f:96:16:96:Infinity":4,"s:100:2:118:Infinity":9,"s:101:17:105:Infinity":10,"s:110:4:114:Infinity":11,"f:110:16:110:21":5,"s:110:28:114:6":12,"s:116:4:116:Infinity":13,"s:117:4:117:Infinity":14,"f:124:16:124:Infinity":6,"s:129:2:133:Infinity":15,"f:143:16:143:Infinity":7,"s:149:16:149:Infinity":16,"s:150:2:150:Infinity":17,"s:151:2:192:Infinity":18,"s:152:16:156:Infinity":19,"s:160:6:160:Infinity":20,"b:160:36:160:59:160:59:160:Infinity":3,"b:160:6:160:13:160:13:160:36":4,"s:161:65:161:Infinity":21,"s:162:4:166:Infinity":22,"s:163:6:163:Infinity":23,"s:165:6:165:Infinity":24,"s:168:72:168:Infinity":25,"s:169:4:173:Infinity":26,"b:170:6:172:Infinity:undefined:undefined:undefined:undefined":5,"s:170:6:172:Infinity":27,"s:171:8:171:Infinity":28,"s:174:4:180:Infinity":29,"b:175:6:179:Infinity:177:13:179:Infinity":6,"s:175:6:179:Infinity":30,"s:176:8:176:Infinity":31,"b:177:13:179:Infinity:undefined:undefined:undefined:undefined":7,"s:177:13:179:Infinity":32,"s:178:8:178:Infinity":33,"s:182:4:186:Infinity":34,"s:188:4:188:Infinity":35,"s:190:4:190:Infinity":36,"s:191:4:191:Infinity":37,"f:201:16:201:Infinity":8,"s:205:14:209:Infinity":38,"s:210:2:210:Infinity":39,"b:210:15:210:30:210:30:210:Infinity":8,"f:219:16:219:Infinity":9,"s:224:14:228:Infinity":40,"s:231:2:233:Infinity":41,"b:232:6:232:Infinity:233:6:233:Infinity":9,"f:240:16:240:Infinity":10,"s:247:2:251:Infinity":42,"f:260:16:260:Infinity":11,"s:267:2:273:Infinity":43,"f:279:16:279:35":12,"s:280:15:282:Infinity":44,"s:283:2:283:Infinity":45,"f:283:14:283:19":13,"s:283:25:283:31":46,"f:291:16:291:Infinity":14,"s:295:2:305:Infinity":47,"s:296:16:300:Infinity":48,"s:301:4:301:Infinity":49,"b:301:17:301:34:301:34:301:Infinity":10,"s:303:4:303:Infinity":50,"s:304:4:304:Infinity":51}}}
,"/home/agent/.gemini/config/plugins/remora-plugin/packages/core/src/storage/watermarks.ts": {"path":"/home/agent/.gemini/config/plugins/remora-plugin/packages/core/src/storage/watermarks.ts","statementMap":{"0":{"start":{"line":4,"column":2},"end":{"line":12,"column":null}},"1":{"start":{"line":5,"column":16},"end":{"line":7,"column":null}},"2":{"start":{"line":8,"column":4},"end":{"line":8,"column":null}},"3":{"start":{"line":10,"column":4},"end":{"line":10,"column":null}},"4":{"start":{"line":11,"column":4},"end":{"line":11,"column":null}},"5":{"start":{"line":16,"column":2},"end":{"line":24,"column":null}},"6":{"start":{"line":17,"column":16},"end":{"line":19,"column":null}},"7":{"start":{"line":20,"column":4},"end":{"line":20,"column":null}},"8":{"start":{"line":22,"column":4},"end":{"line":22,"column":null}},"9":{"start":{"line":23,"column":4},"end":{"line":23,"column":null}},"10":{"start":{"line":28,"column":44},"end":{"line":28,"column":null}},"11":{"start":{"line":29,"column":2},"end":{"line":29,"column":null}}},"fnMap":{"0":{"name":"getProjectUuidByConv","decl":{"start":{"line":3,"column":16},"end":{"line":3,"column":37}},"loc":{"start":{"line":3,"column":96},"end":{"line":13,"column":null}},"line":3},"1":{"name":"watermarkExists","decl":{"start":{"line":15,"column":16},"end":{"line":15,"column":32}},"loc":{"start":{"line":15,"column":111},"end":{"line":25,"column":null}},"line":15},"2":{"name":"getActiveTopicCreatedAt","decl":{"start":{"line":27,"column":16},"end":{"line":27,"column":40}},"loc":{"start":{"line":27,"column":101},"end":{"line":30,"column":null}},"line":27}},"branchMap":{"0":{"loc":{"start":{"line":8,"column":11},"end":{"line":8,"column":null}},"type":"cond-expr","locations":[{"start":{"line":8,"column":17},"end":{"line":8,"column":36}},{"start":{"line":8,"column":36},"end":{"line":8,"column":null}}],"line":8}},"s":{"0":3,"1":3,"2":3,"3":1,"4":1,"5":0,"6":0,"7":0,"8":0,"9":0,"10":0,"11":0},"f":{"0":3,"1":0,"2":0},"b":{"0":[1,1]},"meta":{"lastBranch":1,"lastFunction":3,"lastStatement":12,"seen":{"f:3:16:3:37":0,"s:4:2:12:Infinity":0,"s:5:16:7:Infinity":1,"s:8:4:8:Infinity":2,"b:8:17:8:36:8:36:8:Infinity":0,"s:10:4:10:Infinity":3,"s:11:4:11:Infinity":4,"f:15:16:15:32":1,"s:16:2:24:Infinity":5,"s:17:16:19:Infinity":6,"s:20:4:20:Infinity":7,"s:22:4:22:Infinity":8,"s:23:4:23:Infinity":9,"f:27:16:27:40":2,"s:28:44:28:Infinity":10,"s:29:2:29:Infinity":11}}}
}
